<?xml version="1.0" ?>
<!DOCTYPE coverage SYSTEM "http://cobertura.sourceforge.net/xml/coverage-04.dtd">
<coverage lines-valid="1327"  lines-covered="303"  line-rate="0.22829999999999998"  branches-valid="1437"  branches-covered="24"  branch-rate="0.0167"  timestamp="1398444158101" complexity="0" version="0.1">
<sources>
	<source>/media/zatcsc/PIGLET/CSC/2ndYead/1stSemester/SE/group5.k57ca</source>
</sources>
<packages>
	<package name="home.zatcsc..rvm.gems.ruby-1.9.3-p545.gems.turbolinks-2.2.2.lib.assets.javascripts"  line-rate="0.2693"  branch-rate="0.10339999999999999" >
	<classes>
		<class name="turbolinks.js.coffee"  filename="../../../../../../../../home/zatcsc/.rvm/gems/ruby-1.9.3-p545/gems/turbolinks-2.2.2/lib/assets/javascripts/turbolinks.js.coffee"  line-rate="0.2693"  branch-rate="0.10339999999999999" >
		<methods>
			<method name="(anonymous_1)"  hits="1"  signature="()V" >
				<lines><line number="1"  hits="1" /></lines>
			</method>
			<method name="(anonymous_2)"  hits="0"  signature="()V" >
				<lines><line number="3"  hits="0" /></lines>
			</method>
			<method name="(anonymous_3)"  hits="1"  signature="()V" >
				<lines><line number="5"  hits="1" /></lines>
			</method>
			<method name="ctor"  hits="1"  signature="()V" >
				<lines><line number="5"  hits="1" /></lines>
			</method>
			<method name="(anonymous_5)"  hits="0"  signature="()V" >
				<lines><line number="24"  hits="0" /></lines>
			</method>
			<method name="(anonymous_6)"  hits="0"  signature="()V" >
				<lines><line number="38"  hits="0" /></lines>
			</method>
			<method name="(anonymous_7)"  hits="0"  signature="()V" >
				<lines><line number="46"  hits="0" /></lines>
			</method>
			<method name="(anonymous_8)"  hits="0"  signature="()V" >
				<lines><line number="53"  hits="0" /></lines>
			</method>
			<method name="(anonymous_9)"  hits="0"  signature="()V" >
				<lines><line number="55"  hits="0" /></lines>
			</method>
			<method name="(anonymous_10)"  hits="0"  signature="()V" >
				<lines><line number="56"  hits="0" /></lines>
			</method>
			<method name="(anonymous_11)"  hits="0"  signature="()V" >
				<lines><line number="69"  hits="0" /></lines>
			</method>
			<method name="(anonymous_12)"  hits="0"  signature="()V" >
				<lines><line number="81"  hits="0" /></lines>
			</method>
			<method name="(anonymous_13)"  hits="0"  signature="()V" >
				<lines><line number="84"  hits="0" /></lines>
			</method>
			<method name="(anonymous_14)"  hits="0"  signature="()V" >
				<lines><line number="90"  hits="0" /></lines>
			</method>
			<method name="(anonymous_15)"  hits="0"  signature="()V" >
				<lines><line number="99"  hits="0" /></lines>
			</method>
			<method name="(anonymous_16)"  hits="0"  signature="()V" >
				<lines><line number="114"  hits="0" /></lines>
			</method>
			<method name="(anonymous_17)"  hits="0"  signature="()V" >
				<lines><line number="123"  hits="0" /></lines>
			</method>
			<method name="(anonymous_18)"  hits="0"  signature="()V" >
				<lines><line number="126"  hits="0" /></lines>
			</method>
			<method name="(anonymous_19)"  hits="0"  signature="()V" >
				<lines><line number="128"  hits="0" /></lines>
			</method>
			<method name="(anonymous_20)"  hits="0"  signature="()V" >
				<lines><line number="143"  hits="0" /></lines>
			</method>
			<method name="(anonymous_21)"  hits="0"  signature="()V" >
				<lines><line number="157"  hits="0" /></lines>
			</method>
			<method name="(anonymous_22)"  hits="0"  signature="()V" >
				<lines><line number="178"  hits="0" /></lines>
			</method>
			<method name="(anonymous_23)"  hits="0"  signature="()V" >
				<lines><line number="183"  hits="0" /></lines>
			</method>
			<method name="(anonymous_24)"  hits="0"  signature="()V" >
				<lines><line number="192"  hits="0" /></lines>
			</method>
			<method name="(anonymous_25)"  hits="0"  signature="()V" >
				<lines><line number="201"  hits="0" /></lines>
			</method>
			<method name="(anonymous_26)"  hits="0"  signature="()V" >
				<lines><line number="205"  hits="0" /></lines>
			</method>
			<method name="(anonymous_27)"  hits="0"  signature="()V" >
				<lines><line number="212"  hits="0" /></lines>
			</method>
			<method name="(anonymous_28)"  hits="0"  signature="()V" >
				<lines><line number="216"  hits="0" /></lines>
			</method>
			<method name="(anonymous_29)"  hits="0"  signature="()V" >
				<lines><line number="220"  hits="0" /></lines>
			</method>
			<method name="(anonymous_30)"  hits="1"  signature="()V" >
				<lines><line number="228"  hits="1" /></lines>
			</method>
			<method name="(anonymous_31)"  hits="2"  signature="()V" >
				<lines><line number="235"  hits="2" /></lines>
			</method>
			<method name="(anonymous_32)"  hits="0"  signature="()V" >
				<lines><line number="245"  hits="0" /></lines>
			</method>
			<method name="(anonymous_33)"  hits="0"  signature="()V" >
				<lines><line number="249"  hits="0" /></lines>
			</method>
			<method name="(anonymous_34)"  hits="0"  signature="()V" >
				<lines><line number="251"  hits="0" /></lines>
			</method>
			<method name="(anonymous_35)"  hits="0"  signature="()V" >
				<lines><line number="255"  hits="0" /></lines>
			</method>
			<method name="(anonymous_36)"  hits="0"  signature="()V" >
				<lines><line number="258"  hits="0" /></lines>
			</method>
			<method name="(anonymous_37)"  hits="0"  signature="()V" >
				<lines><line number="270"  hits="0" /></lines>
			</method>
			<method name="(anonymous_38)"  hits="0"  signature="()V" >
				<lines><line number="276"  hits="0" /></lines>
			</method>
			<method name="(anonymous_39)"  hits="0"  signature="()V" >
				<lines><line number="298"  hits="0" /></lines>
			</method>
			<method name="(anonymous_40)"  hits="0"  signature="()V" >
				<lines><line number="305"  hits="0" /></lines>
			</method>
			<method name="(anonymous_41)"  hits="0"  signature="()V" >
				<lines><line number="315"  hits="0" /></lines>
			</method>
			<method name="(anonymous_42)"  hits="0"  signature="()V" >
				<lines><line number="324"  hits="0" /></lines>
			</method>
			<method name="(anonymous_43)"  hits="0"  signature="()V" >
				<lines><line number="326"  hits="0" /></lines>
			</method>
			<method name="(anonymous_44)"  hits="0"  signature="()V" >
				<lines><line number="329"  hits="0" /></lines>
			</method>
			<method name="(anonymous_45)"  hits="0"  signature="()V" >
				<lines><line number="335"  hits="0" /></lines>
			</method>
			<method name="(anonymous_46)"  hits="1"  signature="()V" >
				<lines><line number="359"  hits="1" /></lines>
			</method>
			<method name="ComponentUrl"  hits="0"  signature="()V" >
				<lines><line number="360"  hits="0" /></lines>
			</method>
			<method name="(anonymous_48)"  hits="0"  signature="()V" >
				<lines><line number="368"  hits="0" /></lines>
			</method>
			<method name="(anonymous_49)"  hits="0"  signature="()V" >
				<lines><line number="372"  hits="0" /></lines>
			</method>
			<method name="(anonymous_50)"  hits="0"  signature="()V" >
				<lines><line number="376"  hits="0" /></lines>
			</method>
			<method name="(anonymous_51)"  hits="0"  signature="()V" >
				<lines><line number="380"  hits="0" /></lines>
			</method>
			<method name="(anonymous_52)"  hits="1"  signature="()V" >
				<lines><line number="396"  hits="1" /></lines>
			</method>
			<method name="(anonymous_53)"  hits="0"  signature="()V" >
				<lines><line number="401"  hits="0" /></lines>
			</method>
			<method name="Link"  hits="0"  signature="()V" >
				<lines><line number="411"  hits="0" /></lines>
			</method>
			<method name="(anonymous_55)"  hits="0"  signature="()V" >
				<lines><line number="420"  hits="0" /></lines>
			</method>
			<method name="(anonymous_56)"  hits="0"  signature="()V" >
				<lines><line number="424"  hits="0" /></lines>
			</method>
			<method name="(anonymous_57)"  hits="0"  signature="()V" >
				<lines><line number="428"  hits="0" /></lines>
			</method>
			<method name="(anonymous_58)"  hits="0"  signature="()V" >
				<lines><line number="433"  hits="0" /></lines>
			</method>
			<method name="(anonymous_59)"  hits="0"  signature="()V" >
				<lines><line number="437"  hits="0" /></lines>
			</method>
			<method name="(anonymous_60)"  hits="0"  signature="()V" >
				<lines><line number="447"  hits="0" /></lines>
			</method>
			<method name="(anonymous_61)"  hits="1"  signature="()V" >
				<lines><line number="455"  hits="1" /></lines>
			</method>
			<method name="(anonymous_62)"  hits="0"  signature="()V" >
				<lines><line number="456"  hits="0" /></lines>
			</method>
			<method name="(anonymous_63)"  hits="0"  signature="()V" >
				<lines><line number="463"  hits="0" /></lines>
			</method>
			<method name="Click"  hits="0"  signature="()V" >
				<lines><line number="467"  hits="0" /></lines>
			</method>
			<method name="(anonymous_65)"  hits="0"  signature="()V" >
				<lines><line number="481"  hits="0" /></lines>
			</method>
			<method name="(anonymous_66)"  hits="0"  signature="()V" >
				<lines><line number="492"  hits="0" /></lines>
			</method>
			<method name="(anonymous_67)"  hits="0"  signature="()V" >
				<lines><line number="496"  hits="0" /></lines>
			</method>
			<method name="(anonymous_68)"  hits="0"  signature="()V" >
				<lines><line number="504"  hits="0" /></lines>
			</method>
			<method name="(anonymous_69)"  hits="1"  signature="()V" >
				<lines><line number="508"  hits="1" /></lines>
			</method>
			<method name="(anonymous_70)"  hits="1"  signature="()V" >
				<lines><line number="509"  hits="1" /></lines>
			</method>
			<method name="(anonymous_71)"  hits="1"  signature="()V" >
				<lines><line number="515"  hits="1" /></lines>
			</method>
			<method name="(anonymous_72)"  hits="0"  signature="()V" >
				<lines><line number="517"  hits="0" /></lines>
			</method>
			<method name="(anonymous_73)"  hits="0"  signature="()V" >
				<lines><line number="526"  hits="0" /></lines>
			</method>
			<method name="(anonymous_74)"  hits="0"  signature="()V" >
				<lines><line number="538"  hits="0" /></lines>
			</method>
			<method name="(anonymous_75)"  hits="0"  signature="()V" >
				<lines><line number="543"  hits="0" /></lines>
			</method>
			<method name="(anonymous_76)"  hits="0"  signature="()V" >
				<lines><line number="569"  hits="0" /></lines>
			</method>
		</methods>
		<lines>
			<line number="1"  hits="1"  branch="false" />
			<line number="2"  hits="1"  branch="false" />
			<line number="3"  hits="0"  branch="true"  condition-coverage="16.666666666666664% (1/6)" />
			<line number="5"  hits="1"  branch="true"  condition-coverage="50% (1/2)" />
			<line number="8"  hits="1"  branch="false" />
			<line number="10"  hits="1"  branch="false" />
			<line number="12"  hits="1"  branch="false" />
			<line number="14"  hits="1"  branch="false" />
			<line number="16"  hits="1"  branch="false" />
			<line number="18"  hits="1"  branch="false" />
			<line number="20"  hits="1"  branch="false" />
			<line number="22"  hits="1"  branch="false" />
			<line number="24"  hits="1"  branch="false" />
			<line number="25"  hits="0"  branch="false" />
			<line number="26"  hits="0"  branch="false" />
			<line number="27"  hits="0"  branch="false" />
			<line number="28"  hits="0"  branch="false" />
			<line number="29"  hits="0"  branch="false" />
			<line number="30"  hits="0"  branch="true"  condition-coverage="0% (0/4)" />
			<line number="31"  hits="0"  branch="false" />
			<line number="32"  hits="0"  branch="false" />
			<line number="34"  hits="0"  branch="false" />
			<line number="38"  hits="1"  branch="false" />
			<line number="39"  hits="0"  branch="false" />
			<line number="40"  hits="0"  branch="false" />
			<line number="41"  hits="0"  branch="true"  condition-coverage="0% (0/4)" />
			<line number="42"  hits="0"  branch="false" />
			<line number="46"  hits="1"  branch="false" />
			<line number="47"  hits="0"  branch="true"  condition-coverage="0% (0/2)" />
			<line number="48"  hits="0"  branch="false" />
			<line number="50"  hits="0"  branch="false" />
			<line number="53"  hits="1"  branch="false" />
			<line number="54"  hits="0"  branch="true"  condition-coverage="0% (0/2)" />
			<line number="55"  hits="0"  branch="false" />
			<line number="56"  hits="0"  branch="false" />
			<line number="59"  hits="0"  branch="false" />
			<line number="62"  hits="0"  branch="true"  condition-coverage="0% (0/2)" />
			<line number="63"  hits="0"  branch="false" />
			<line number="65"  hits="0"  branch="false" />
			<line number="66"  hits="0"  branch="false" />
			<line number="67"  hits="0"  branch="false" />
			<line number="68"  hits="0"  branch="false" />
			<line number="69"  hits="0"  branch="false" />
			<line number="70"  hits="0"  branch="false" />
			<line number="71"  hits="0"  branch="false" />
			<line number="72"  hits="0"  branch="true"  condition-coverage="0% (0/2)" />
			<line number="73"  hits="0"  branch="false" />
			<line number="74"  hits="0"  branch="false" />
			<line number="75"  hits="0"  branch="false" />
			<line number="76"  hits="0"  branch="false" />
			<line number="78"  hits="0"  branch="false" />
			<line number="81"  hits="0"  branch="false" />
			<line number="82"  hits="0"  branch="false" />
			<line number="84"  hits="0"  branch="false" />
			<line number="85"  hits="0"  branch="false" />
			<line number="87"  hits="0"  branch="false" />
			<line number="90"  hits="1"  branch="false" />
			<line number="91"  hits="0"  branch="true"  condition-coverage="0% (0/2)" />
			<line number="92"  hits="0"  branch="false" />
			<line number="94"  hits="0"  branch="false" />
			<line number="95"  hits="0"  branch="false" />
			<line number="96"  hits="0"  branch="false" />
			<line number="99"  hits="1"  branch="false" />
			<line number="100"  hits="0"  branch="false" />
			<line number="101"  hits="0"  branch="false" />
			<line number="102"  hits="0"  branch="false" />
			<line number="111"  hits="0"  branch="false" />
			<line number="114"  hits="1"  branch="false" />
			<line number="115"  hits="0"  branch="true"  condition-coverage="0% (0/2)" />
			<line number="116"  hits="0"  branch="false" />
			<line number="118"  hits="0"  branch="true"  condition-coverage="0% (0/2)" />
			<line number="119"  hits="0"  branch="false" />
			<line number="123"  hits="1"  branch="false" />
			<line number="124"  hits="0"  branch="false" />
			<line number="125"  hits="0"  branch="false" />
			<line number="126"  hits="0"  branch="false" />
			<line number="127"  hits="0"  branch="false" />
			<line number="129"  hits="0"  branch="false" />
			<line number="131"  hits="0"  branch="false" />
			<line number="132"  hits="0"  branch="false" />
			<line number="133"  hits="0"  branch="false" />
			<line number="134"  hits="0"  branch="true"  condition-coverage="0% (0/2)" />
			<line number="135"  hits="0"  branch="false" />
			<line number="137"  hits="0"  branch="false" />
			<line number="138"  hits="0"  branch="false" />
			<line number="140"  hits="0"  branch="false" />
			<line number="143"  hits="1"  branch="false" />
			<line number="144"  hits="0"  branch="false" />
			<line number="145"  hits="0"  branch="false" />
			<line number="146"  hits="0"  branch="true"  condition-coverage="0% (0/2)" />
			<line number="147"  hits="0"  branch="false" />
			<line number="149"  hits="0"  branch="true"  condition-coverage="0% (0/2)" />
			<line number="150"  hits="0"  branch="false" />
			<line number="152"  hits="0"  branch="false" />
			<line number="153"  hits="0"  branch="false" />
			<line number="154"  hits="0"  branch="false" />
			<line number="157"  hits="1"  branch="false" />
			<line number="158"  hits="0"  branch="false" />
			<line number="159"  hits="0"  branch="false" />
			<line number="160"  hits="0"  branch="false" />
			<line number="161"  hits="0"  branch="false" />
			<line number="162"  hits="0"  branch="true"  condition-coverage="0% (0/4)" />
			<line number="163"  hits="0"  branch="false" />
			<line number="165"  hits="0"  branch="false" />
			<line number="166"  hits="0"  branch="false" />
			<line number="167"  hits="0"  branch="false" />
			<line number="168"  hits="0"  branch="false" />
			<line number="169"  hits="0"  branch="false" />
			<line number="171"  hits="0"  branch="false" />
			<line number="172"  hits="0"  branch="false" />
			<line number="173"  hits="0"  branch="false" />
			<line number="174"  hits="0"  branch="false" />
			<line number="178"  hits="1"  branch="false" />
			<line number="179"  hits="0"  branch="false" />
			<line number="180"  hits="0"  branch="false" />
			<line number="183"  hits="1"  branch="false" />
			<line number="184"  hits="0"  branch="true"  condition-coverage="0% (0/2)" />
			<line number="185"  hits="0"  branch="false" />
			<line number="192"  hits="1"  branch="false" />
			<line number="193"  hits="0"  branch="false" />
			<line number="194"  hits="0"  branch="true"  condition-coverage="0% (0/2)" />
			<line number="195"  hits="0"  branch="false" />
			<line number="196"  hits="0"  branch="true"  condition-coverage="0% (0/2)" />
			<line number="197"  hits="0"  branch="false" />
			<line number="201"  hits="1"  branch="false" />
			<line number="202"  hits="0"  branch="false" />
			<line number="205"  hits="1"  branch="false" />
			<line number="206"  hits="0"  branch="false" />
			<line number="212"  hits="1"  branch="false" />
			<line number="213"  hits="0"  branch="false" />
			<line number="216"  hits="1"  branch="false" />
			<line number="217"  hits="0"  branch="false" />
			<line number="220"  hits="1"  branch="false" />
			<line number="221"  hits="0"  branch="true"  condition-coverage="0% (0/2)" />
			<line number="222"  hits="0"  branch="false" />
			<line number="224"  hits="0"  branch="false" />
			<line number="228"  hits="1"  branch="false" />
			<line number="229"  hits="1"  branch="false" />
			<line number="230"  hits="1"  branch="true"  condition-coverage="50% (2/4)" />
			<line number="231"  hits="1"  branch="false" />
			<line number="232"  hits="1"  branch="false" />
			<line number="235"  hits="1"  branch="false" />
			<line number="236"  hits="2"  branch="false" />
			<line number="237"  hits="2"  branch="false" />
			<line number="238"  hits="2"  branch="true"  condition-coverage="50% (1/2)" />
			<line number="239"  hits="0"  branch="false" />
			<line number="241"  hits="2"  branch="false" />
			<line number="242"  hits="2"  branch="false" />
			<line number="245"  hits="1"  branch="false" />
			<line number="246"  hits="0"  branch="false" />
			<line number="249"  hits="1"  branch="false" />
			<line number="250"  hits="0"  branch="false" />
			<line number="251"  hits="0"  branch="false" />
			<line number="252"  hits="0"  branch="false" />
			<line number="253"  hits="0"  branch="true"  condition-coverage="0% (0/2)" />
			<line number="255"  hits="0"  branch="false" />
			<line number="256"  hits="0"  branch="false" />
			<line number="258"  hits="0"  branch="false" />
			<line number="259"  hits="0"  branch="false" />
			<line number="260"  hits="0"  branch="false" />
			<line number="261"  hits="0"  branch="false" />
			<line number="262"  hits="0"  branch="false" />
			<line number="263"  hits="0"  branch="false" />
			<line number="264"  hits="0"  branch="true"  condition-coverage="0% (0/4)" />
			<line number="265"  hits="0"  branch="true"  condition-coverage="0% (0/2)" />
			<line number="268"  hits="0"  branch="false" />
			<line number="270"  hits="0"  branch="false" />
			<line number="271"  hits="0"  branch="false" />
			<line number="272"  hits="0"  branch="true"  condition-coverage="0% (0/2)" />
			<line number="273"  hits="0"  branch="false" />
			<line number="274"  hits="0"  branch="true"  condition-coverage="0% (0/2)" />
			<line number="276"  hits="0"  branch="false" />
			<line number="277"  hits="0"  branch="false" />
			<line number="278"  hits="0"  branch="true"  condition-coverage="0% (0/2)" />
			<line number="279"  hits="0"  branch="false" />
			<line number="281"  hits="0"  branch="false" />
			<line number="282"  hits="0"  branch="false" />
			<line number="283"  hits="0"  branch="false" />
			<line number="284"  hits="0"  branch="true"  condition-coverage="0% (0/2)" />
			<line number="285"  hits="0"  branch="false" />
			<line number="288"  hits="0"  branch="false" />
			<line number="290"  hits="0"  branch="true"  condition-coverage="0% (0/4)" />
			<line number="291"  hits="0"  branch="false" />
			<line number="292"  hits="0"  branch="true"  condition-coverage="0% (0/4)" />
			<line number="293"  hits="0"  branch="false" />
			<line number="298"  hits="1"  branch="false" />
			<line number="299"  hits="0"  branch="false" />
			<line number="300"  hits="0"  branch="false" />
			<line number="301"  hits="0"  branch="true"  condition-coverage="0% (0/2)" />
			<line number="304"  hits="1"  branch="false" />
			<line number="306"  hits="0"  branch="false" />
			<line number="307"  hits="0"  branch="true"  condition-coverage="0% (0/2)" />
			<line number="308"  hits="0"  branch="false" />
			<line number="310"  hits="0"  branch="false" />
			<line number="316"  hits="0"  branch="false" />
			<line number="317"  hits="0"  branch="false" />
			<line number="318"  hits="0"  branch="true"  condition-coverage="0% (0/5)" />
			<line number="319"  hits="0"  branch="false" />
			<line number="324"  hits="1"  branch="false" />
			<line number="325"  hits="0"  branch="false" />
			<line number="326"  hits="0"  branch="false" />
			<line number="327"  hits="0"  branch="false" />
			<line number="329"  hits="0"  branch="false" />
			<line number="330"  hits="0"  branch="false" />
			<line number="331"  hits="0"  branch="false" />
			<line number="332"  hits="0"  branch="false" />
			<line number="333"  hits="0"  branch="false" />
			<line number="335"  hits="0"  branch="false" />
			<line number="336"  hits="0"  branch="false" />
			<line number="337"  hits="0"  branch="false" />
			<line number="338"  hits="0"  branch="false" />
			<line number="339"  hits="0"  branch="false" />
			<line number="340"  hits="0"  branch="false" />
			<line number="341"  hits="0"  branch="false" />
			<line number="343"  hits="0"  branch="false" />
			<line number="344"  hits="0"  branch="true"  condition-coverage="0% (0/2)" />
			<line number="345"  hits="0"  branch="false" />
			<line number="346"  hits="0"  branch="false" />
			<line number="349"  hits="0"  branch="false" />
			<line number="350"  hits="0"  branch="false" />
			<line number="351"  hits="0"  branch="false" />
			<line number="353"  hits="0"  branch="true"  condition-coverage="0% (0/6)" />
			<line number="354"  hits="0"  branch="false" />
			<line number="359"  hits="1"  branch="false" />
			<line number="360"  hits="1"  branch="false" />
			<line number="361"  hits="0"  branch="true"  condition-coverage="0% (0/2)" />
			<line number="362"  hits="0"  branch="true"  condition-coverage="0% (0/2)" />
			<line number="363"  hits="0"  branch="false" />
			<line number="365"  hits="0"  branch="false" />
			<line number="368"  hits="1"  branch="false" />
			<line number="369"  hits="0"  branch="false" />
			<line number="372"  hits="1"  branch="false" />
			<line number="373"  hits="0"  branch="false" />
			<line number="376"  hits="1"  branch="false" />
			<line number="377"  hits="0"  branch="false" />
			<line number="380"  hits="1"  branch="false" />
			<line number="381"  hits="0"  branch="false" />
			<line number="382"  hits="0"  branch="true"  condition-coverage="0% (0/2)" />
			<line number="383"  hits="0"  branch="false" />
			<line number="384"  hits="0"  branch="false" />
			<line number="385"  hits="0"  branch="true"  condition-coverage="0% (0/2)" />
			<line number="386"  hits="0"  branch="false" />
			<line number="388"  hits="0"  branch="false" />
			<line number="389"  hits="0"  branch="false" />
			<line number="392"  hits="1"  branch="false" />
			<line number="396"  hits="1"  branch="false" />
			<line number="397"  hits="1"  branch="false" />
			<line number="399"  hits="1"  branch="false" />
			<line number="401"  hits="1"  branch="false" />
			<line number="402"  hits="0"  branch="false" />
			<line number="403"  hits="0"  branch="true"  condition-coverage="0% (0/2)" />
			<line number="404"  hits="0"  branch="false" />
			<line number="405"  hits="0"  branch="false" />
			<line number="406"  hits="0"  branch="false" />
			<line number="408"  hits="0"  branch="false" />
			<line number="411"  hits="1"  branch="false" />
			<line number="412"  hits="0"  branch="false" />
			<line number="413"  hits="0"  branch="true"  condition-coverage="0% (0/2)" />
			<line number="414"  hits="0"  branch="false" />
			<line number="416"  hits="0"  branch="false" />
			<line number="417"  hits="0"  branch="false" />
			<line number="420"  hits="1"  branch="false" />
			<line number="421"  hits="0"  branch="true"  condition-coverage="0% (0/5)" />
			<line number="424"  hits="1"  branch="false" />
			<line number="425"  hits="0"  branch="false" />
			<line number="428"  hits="1"  branch="false" />
			<line number="429"  hits="0"  branch="false" />
			<line number="430"  hits="0"  branch="true"  condition-coverage="0% (0/4)" />
			<line number="433"  hits="1"  branch="false" />
			<line number="434"  hits="0"  branch="true"  condition-coverage="0% (0/2)" />
			<line number="437"  hits="1"  branch="false" />
			<line number="438"  hits="0"  branch="false" />
			<line number="439"  hits="0"  branch="false" />
			<line number="440"  hits="0"  branch="true"  condition-coverage="0% (0/2)" />
			<line number="441"  hits="0"  branch="false" />
			<line number="442"  hits="0"  branch="false" />
			<line number="444"  hits="0"  branch="false" />
			<line number="447"  hits="1"  branch="false" />
			<line number="448"  hits="0"  branch="false" />
			<line number="451"  hits="1"  branch="false" />
			<line number="455"  hits="1"  branch="false" />
			<line number="456"  hits="1"  branch="false" />
			<line number="457"  hits="0"  branch="true"  condition-coverage="0% (0/2)" />
			<line number="458"  hits="0"  branch="false" />
			<line number="459"  hits="0"  branch="false" />
			<line number="463"  hits="1"  branch="false" />
			<line number="464"  hits="0"  branch="false" />
			<line number="467"  hits="1"  branch="false" />
			<line number="468"  hits="0"  branch="false" />
			<line number="469"  hits="0"  branch="true"  condition-coverage="0% (0/2)" />
			<line number="470"  hits="0"  branch="false" />
			<line number="472"  hits="0"  branch="false" />
			<line number="473"  hits="0"  branch="true"  condition-coverage="0% (0/2)" />
			<line number="474"  hits="0"  branch="true"  condition-coverage="0% (0/2)" />
			<line number="475"  hits="0"  branch="false" />
			<line number="477"  hits="0"  branch="false" />
			<line number="481"  hits="1"  branch="false" />
			<line number="482"  hits="0"  branch="false" />
			<line number="483"  hits="0"  branch="false" />
			<line number="484"  hits="0"  branch="true"  condition-coverage="0% (0/2)" />
			<line number="485"  hits="0"  branch="false" />
			<line number="487"  hits="0"  branch="true"  condition-coverage="0% (0/4)" />
			<line number="488"  hits="0"  branch="false" />
			<line number="492"  hits="1"  branch="false" />
			<line number="493"  hits="0"  branch="true"  condition-coverage="0% (0/4)" />
			<line number="496"  hits="1"  branch="false" />
			<line number="497"  hits="0"  branch="true"  condition-coverage="0% (0/5)" />
			<line number="500"  hits="1"  branch="false" />
			<line number="504"  hits="1"  branch="false" />
			<line number="505"  hits="0"  branch="false" />
			<line number="508"  hits="1"  branch="false" />
			<line number="509"  hits="1"  branch="false" />
			<line number="510"  hits="1"  branch="false" />
			<line number="511"  hits="1"  branch="false" />
			<line number="515"  hits="1"  branch="false" />
			<line number="516"  hits="1"  branch="true"  condition-coverage="50% (1/2)" />
			<line number="517"  hits="1"  branch="false" />
			<line number="518"  hits="0"  branch="true"  condition-coverage="0% (0/2)" />
			<line number="519"  hits="0"  branch="false" />
			<line number="521"  hits="0"  branch="false" />
			<line number="526"  hits="1"  branch="false" />
			<line number="527"  hits="0"  branch="false" />
			<line number="528"  hits="0"  branch="true"  condition-coverage="0% (0/4)" />
			<line number="529"  hits="0"  branch="true"  condition-coverage="0% (0/2)" />
			<line number="530"  hits="0"  branch="false" />
			<line number="531"  hits="0"  branch="false" />
			<line number="533"  hits="0"  branch="false" />
			<line number="538"  hits="1"  branch="false" />
			<line number="539"  hits="0"  branch="false" />
			<line number="540"  hits="0"  branch="false" />
			<line number="541"  hits="0"  branch="false" />
			<line number="542"  hits="0"  branch="false" />
			<line number="543"  hits="0"  branch="false" />
			<line number="544"  hits="0"  branch="false" />
			<line number="548"  hits="1"  branch="true"  condition-coverage="100% (2/2)" />
			<line number="550"  hits="1"  branch="true"  condition-coverage="100% (4/4)" />
			<line number="552"  hits="1"  branch="false" />
			<line number="554"  hits="1"  branch="true"  condition-coverage="50% (1/2)" />
			<line number="556"  hits="1"  branch="true"  condition-coverage="33.33333333333333% (1/3)" />
			<line number="558"  hits="1"  branch="true"  condition-coverage="100% (2/2)" />
			<line number="560"  hits="1"  branch="true"  condition-coverage="50% (1/2)" />
			<line number="561"  hits="1"  branch="false" />
			<line number="562"  hits="1"  branch="false" />
			<line number="565"  hits="1"  branch="true"  condition-coverage="50% (1/2)" />
			<line number="566"  hits="0"  branch="false" />
			<line number="567"  hits="0"  branch="false" />
			<line number="569"  hits="1"  branch="false" />
			<line number="570"  hits="0"  branch="false" />
			<line number="574"  hits="1"  branch="false" />
		</lines>
		</class>
	</classes>
	</package>
	<package name="media.zatcsc.PIGLET.CSC.2ndYead.1stSemester.SE.group5.k57ca.app.assets.javascripts"  line-rate="0.2137"  branch-rate="0.0048" >
	<classes>
		<class name="application.js"  filename="app/assets/javascripts/application.js"  line-rate="1"  branch-rate="1" >
		<methods>
		</methods>
		<lines>
		</lines>
		</class>
		<class name="bootstrap.js"  filename="app/assets/javascripts/bootstrap.js"  line-rate="0.2057"  branch-rate="0.0048" >
		<methods>
			<method name="(anonymous_1)"  hits="1"  signature="()V" >
				<lines><line number="19"  hits="1" /></lines>
			</method>
			<method name="transitionEnd"  hits="1"  signature="()V" >
				<lines><line number="25"  hits="1" /></lines>
			</method>
			<method name="(anonymous_3)"  hits="0"  signature="()V" >
				<lines><line number="45"  hits="0" /></lines>
			</method>
			<method name="(anonymous_4)"  hits="0"  signature="()V" >
				<lines><line number="47"  hits="0" /></lines>
			</method>
			<method name="(anonymous_5)"  hits="0"  signature="()V" >
				<lines><line number="48"  hits="0" /></lines>
			</method>
			<method name="(anonymous_6)"  hits="1"  signature="()V" >
				<lines><line number="53"  hits="1" /></lines>
			</method>
			<method name="(anonymous_7)"  hits="1"  signature="()V" >
				<lines><line number="68"  hits="1" /></lines>
			</method>
			<method name="(anonymous_8)"  hits="0"  signature="()V" >
				<lines><line number="75"  hits="0" /></lines>
			</method>
			<method name="(anonymous_9)"  hits="0"  signature="()V" >
				<lines><line number="79"  hits="0" /></lines>
			</method>
			<method name="removeElement"  hits="0"  signature="()V" >
				<lines><line number="102"  hits="0" /></lines>
			</method>
			<method name="(anonymous_11)"  hits="0"  signature="()V" >
				<lines><line number="119"  hits="0" /></lines>
			</method>
			<method name="(anonymous_12)"  hits="0"  signature="()V" >
				<lines><line number="120"  hits="0" /></lines>
			</method>
			<method name="(anonymous_13)"  hits="0"  signature="()V" >
				<lines><line number="135"  hits="0" /></lines>
			</method>
			<method name="(anonymous_14)"  hits="1"  signature="()V" >
				<lines><line number="157"  hits="1" /></lines>
			</method>
			<method name="(anonymous_15)"  hits="0"  signature="()V" >
				<lines><line number="163"  hits="0" /></lines>
			</method>
			<method name="(anonymous_16)"  hits="0"  signature="()V" >
				<lines><line number="173"  hits="0" /></lines>
			</method>
			<method name="(anonymous_17)"  hits="0"  signature="()V" >
				<lines><line number="186"  hits="0" /></lines>
			</method>
			<method name="(anonymous_18)"  hits="0"  signature="()V" >
				<lines><line number="197"  hits="0" /></lines>
			</method>
			<method name="(anonymous_19)"  hits="0"  signature="()V" >
				<lines><line number="219"  hits="0" /></lines>
			</method>
			<method name="(anonymous_20)"  hits="0"  signature="()V" >
				<lines><line number="220"  hits="0" /></lines>
			</method>
			<method name="(anonymous_21)"  hits="0"  signature="()V" >
				<lines><line number="238"  hits="0" /></lines>
			</method>
			<method name="(anonymous_22)"  hits="0"  signature="()V" >
				<lines><line number="247"  hits="0" /></lines>
			</method>
			<method name="(anonymous_23)"  hits="1"  signature="()V" >
				<lines><line number="265"  hits="1" /></lines>
			</method>
			<method name="(anonymous_24)"  hits="0"  signature="()V" >
				<lines><line number="271"  hits="0" /></lines>
			</method>
			<method name="(anonymous_25)"  hits="0"  signature="()V" >
				<lines><line number="292"  hits="0" /></lines>
			</method>
			<method name="(anonymous_26)"  hits="0"  signature="()V" >
				<lines><line number="304"  hits="0" /></lines>
			</method>
			<method name="(anonymous_27)"  hits="0"  signature="()V" >
				<lines><line number="311"  hits="0" /></lines>
			</method>
			<method name="(anonymous_28)"  hits="0"  signature="()V" >
				<lines><line number="317"  hits="0" /></lines>
			</method>
			<method name="(anonymous_29)"  hits="0"  signature="()V" >
				<lines><line number="323"  hits="0" /></lines>
			</method>
			<method name="(anonymous_30)"  hits="0"  signature="()V" >
				<lines><line number="336"  hits="0" /></lines>
			</method>
			<method name="(anonymous_31)"  hits="0"  signature="()V" >
				<lines><line number="341"  hits="0" /></lines>
			</method>
			<method name="(anonymous_32)"  hits="0"  signature="()V" >
				<lines><line number="346"  hits="0" /></lines>
			</method>
			<method name="(anonymous_33)"  hits="0"  signature="()V" >
				<lines><line number="371"  hits="0" /></lines>
			</method>
			<method name="(anonymous_34)"  hits="0"  signature="()V" >
				<lines><line number="383"  hits="0" /></lines>
			</method>
			<method name="(anonymous_35)"  hits="0"  signature="()V" >
				<lines><line number="387"  hits="0" /></lines>
			</method>
			<method name="(anonymous_36)"  hits="0"  signature="()V" >
				<lines><line number="408"  hits="0" /></lines>
			</method>
			<method name="(anonymous_37)"  hits="0"  signature="()V" >
				<lines><line number="409"  hits="0" /></lines>
			</method>
			<method name="(anonymous_38)"  hits="0"  signature="()V" >
				<lines><line number="428"  hits="0" /></lines>
			</method>
			<method name="(anonymous_39)"  hits="0"  signature="()V" >
				<lines><line number="437"  hits="0" /></lines>
			</method>
			<method name="(anonymous_40)"  hits="1"  signature="()V" >
				<lines><line number="453"  hits="1" /></lines>
			</method>
			<method name="(anonymous_41)"  hits="0"  signature="()V" >
				<lines><line number="454"  hits="0" /></lines>
			</method>
			<method name="(anonymous_42)"  hits="1"  signature="()V" >
				<lines><line number="471"  hits="1" /></lines>
			</method>
			<method name="(anonymous_43)"  hits="0"  signature="()V" >
				<lines><line number="477"  hits="0" /></lines>
			</method>
			<method name="(anonymous_44)"  hits="0"  signature="()V" >
				<lines><line number="490"  hits="0" /></lines>
			</method>
			<method name="(anonymous_45)"  hits="0"  signature="()V" >
				<lines><line number="495"  hits="0" /></lines>
			</method>
			<method name="(anonymous_46)"  hits="0"  signature="()V" >
				<lines><line number="520"  hits="0" /></lines>
			</method>
			<method name="(anonymous_47)"  hits="0"  signature="()V" >
				<lines><line number="539"  hits="0" /></lines>
			</method>
			<method name="(anonymous_48)"  hits="0"  signature="()V" >
				<lines><line number="559"  hits="0" /></lines>
			</method>
			<method name="(anonymous_49)"  hits="0"  signature="()V" >
				<lines><line number="575"  hits="0" /></lines>
			</method>
			<method name="(anonymous_50)"  hits="0"  signature="()V" >
				<lines><line number="585"  hits="0" /></lines>
			</method>
			<method name="(anonymous_51)"  hits="0"  signature="()V" >
				<lines><line number="586"  hits="0" /></lines>
			</method>
			<method name="(anonymous_52)"  hits="0"  signature="()V" >
				<lines><line number="603"  hits="0" /></lines>
			</method>
			<method name="(anonymous_53)"  hits="0"  signature="()V" >
				<lines><line number="612"  hits="0" /></lines>
			</method>
			<method name="(anonymous_54)"  hits="1"  signature="()V" >
				<lines><line number="642"  hits="1" /></lines>
			</method>
			<method name="(anonymous_55)"  hits="0"  signature="()V" >
				<lines><line number="650"  hits="0" /></lines>
			</method>
			<method name="(anonymous_56)"  hits="0"  signature="()V" >
				<lines><line number="654"  hits="0" /></lines>
			</method>
			<method name="(anonymous_57)"  hits="0"  signature="()V" >
				<lines><line number="685"  hits="0" /></lines>
			</method>
			<method name="clearMenus"  hits="0"  signature="()V" >
				<lines><line number="717"  hits="0" /></lines>
			</method>
			<method name="(anonymous_59)"  hits="0"  signature="()V" >
				<lines><line number="719"  hits="0" /></lines>
			</method>
			<method name="getParent"  hits="0"  signature="()V" >
				<lines><line number="729"  hits="0" /></lines>
			</method>
			<method name="(anonymous_61)"  hits="0"  signature="()V" >
				<lines><line number="748"  hits="0" /></lines>
			</method>
			<method name="(anonymous_62)"  hits="0"  signature="()V" >
				<lines><line number="749"  hits="0" /></lines>
			</method>
			<method name="(anonymous_63)"  hits="0"  signature="()V" >
				<lines><line number="764"  hits="0" /></lines>
			</method>
			<method name="(anonymous_64)"  hits="0"  signature="()V" >
				<lines><line number="775"  hits="0" /></lines>
			</method>
			<method name="(anonymous_65)"  hits="1"  signature="()V" >
				<lines><line number="790"  hits="1" /></lines>
			</method>
			<method name="(anonymous_66)"  hits="0"  signature="()V" >
				<lines><line number="796"  hits="0" /></lines>
			</method>
			<method name="(anonymous_67)"  hits="0"  signature="()V" >
				<lines><line number="805"  hits="0" /></lines>
			</method>
			<method name="(anonymous_68)"  hits="0"  signature="()V" >
				<lines><line number="817"  hits="0" /></lines>
			</method>
			<method name="(anonymous_69)"  hits="0"  signature="()V" >
				<lines><line number="821"  hits="0" /></lines>
			</method>
			<method name="(anonymous_70)"  hits="0"  signature="()V" >
				<lines><line number="835"  hits="0" /></lines>
			</method>
			<method name="(anonymous_71)"  hits="0"  signature="()V" >
				<lines><line number="860"  hits="0" /></lines>
			</method>
			<method name="(anonymous_72)"  hits="0"  signature="()V" >
				<lines><line number="868"  hits="0" /></lines>
			</method>
			<method name="(anonymous_73)"  hits="0"  signature="()V" >
				<lines><line number="895"  hits="0" /></lines>
			</method>
			<method name="(anonymous_74)"  hits="0"  signature="()V" >
				<lines><line number="898"  hits="0" /></lines>
			</method>
			<method name="(anonymous_75)"  hits="0"  signature="()V" >
				<lines><line number="905"  hits="0" /></lines>
			</method>
			<method name="(anonymous_76)"  hits="0"  signature="()V" >
				<lines><line number="907"  hits="0" /></lines>
			</method>
			<method name="(anonymous_77)"  hits="0"  signature="()V" >
				<lines><line number="915"  hits="0" /></lines>
			</method>
			<method name="(anonymous_78)"  hits="0"  signature="()V" >
				<lines><line number="918"  hits="0" /></lines>
			</method>
			<method name="(anonymous_79)"  hits="0"  signature="()V" >
				<lines><line number="924"  hits="0" /></lines>
			</method>
			<method name="(anonymous_80)"  hits="0"  signature="()V" >
				<lines><line number="929"  hits="0" /></lines>
			</method>
			<method name="(anonymous_81)"  hits="0"  signature="()V" >
				<lines><line number="938"  hits="0" /></lines>
			</method>
			<method name="(anonymous_82)"  hits="0"  signature="()V" >
				<lines><line number="977"  hits="0" /></lines>
			</method>
			<method name="(anonymous_83)"  hits="0"  signature="()V" >
				<lines><line number="978"  hits="0" /></lines>
			</method>
			<method name="(anonymous_84)"  hits="0"  signature="()V" >
				<lines><line number="995"  hits="0" /></lines>
			</method>
			<method name="(anonymous_85)"  hits="0"  signature="()V" >
				<lines><line number="1004"  hits="0" /></lines>
			</method>
			<method name="(anonymous_86)"  hits="0"  signature="()V" >
				<lines><line number="1014"  hits="0" /></lines>
			</method>
			<method name="(anonymous_87)"  hits="0"  signature="()V" >
				<lines><line number="1020"  hits="0" /></lines>
			</method>
			<method name="(anonymous_88)"  hits="0"  signature="()V" >
				<lines><line number="1021"  hits="0" /></lines>
			</method>
			<method name="(anonymous_89)"  hits="1"  signature="()V" >
				<lines><line number="1035"  hits="1" /></lines>
			</method>
			<method name="(anonymous_90)"  hits="0"  signature="()V" >
				<lines><line number="1041"  hits="0" /></lines>
			</method>
			<method name="(anonymous_91)"  hits="0"  signature="()V" >
				<lines><line number="1064"  hits="0" /></lines>
			</method>
			<method name="(anonymous_92)"  hits="0"  signature="()V" >
				<lines><line number="1091"  hits="0" /></lines>
			</method>
			<method name="(anonymous_93)"  hits="0"  signature="()V" >
				<lines><line number="1095"  hits="0" /></lines>
			</method>
			<method name="(anonymous_94)"  hits="0"  signature="()V" >
				<lines><line number="1108"  hits="0" /></lines>
			</method>
			<method name="(anonymous_95)"  hits="0"  signature="()V" >
				<lines><line number="1112"  hits="0" /></lines>
			</method>
			<method name="(anonymous_96)"  hits="0"  signature="()V" >
				<lines><line number="1119"  hits="0" /></lines>
			</method>
			<method name="(anonymous_97)"  hits="0"  signature="()V" >
				<lines><line number="1129"  hits="0" /></lines>
			</method>
			<method name="(anonymous_98)"  hits="0"  signature="()V" >
				<lines><line number="1134"  hits="0" /></lines>
			</method>
			<method name="(anonymous_99)"  hits="0"  signature="()V" >
				<lines><line number="1144"  hits="0" /></lines>
			</method>
			<method name="(anonymous_100)"  hits="0"  signature="()V" >
				<lines><line number="1149"  hits="0" /></lines>
			</method>
			<method name="(anonymous_101)"  hits="0"  signature="()V" >
				<lines><line number="1208"  hits="0" /></lines>
			</method>
			<method name="(anonymous_102)"  hits="0"  signature="()V" >
				<lines><line number="1220"  hits="0" /></lines>
			</method>
			<method name="(anonymous_103)"  hits="0"  signature="()V" >
				<lines><line number="1240"  hits="0" /></lines>
			</method>
			<method name="(anonymous_104)"  hits="0"  signature="()V" >
				<lines><line number="1280"  hits="0" /></lines>
			</method>
			<method name="(anonymous_105)"  hits="0"  signature="()V" >
				<lines><line number="1284"  hits="0" /></lines>
			</method>
			<method name="(anonymous_106)"  hits="0"  signature="()V" >
				<lines><line number="1292"  hits="0" /></lines>
			</method>
			<method name="complete"  hits="0"  signature="()V" >
				<lines><line number="1297"  hits="0" /></lines>
			</method>
			<method name="(anonymous_108)"  hits="0"  signature="()V" >
				<lines><line number="1319"  hits="0" /></lines>
			</method>
			<method name="(anonymous_109)"  hits="0"  signature="()V" >
				<lines><line number="1326"  hits="0" /></lines>
			</method>
			<method name="(anonymous_110)"  hits="0"  signature="()V" >
				<lines><line number="1330"  hits="0" /></lines>
			</method>
			<method name="(anonymous_111)"  hits="0"  signature="()V" >
				<lines><line number="1338"  hits="0" /></lines>
			</method>
			<method name="(anonymous_112)"  hits="0"  signature="()V" >
				<lines><line number="1345"  hits="0" /></lines>
			</method>
			<method name="(anonymous_113)"  hits="0"  signature="()V" >
				<lines><line number="1356"  hits="0" /></lines>
			</method>
			<method name="(anonymous_114)"  hits="0"  signature="()V" >
				<lines><line number="1360"  hits="0" /></lines>
			</method>
			<method name="(anonymous_115)"  hits="0"  signature="()V" >
				<lines><line number="1364"  hits="0" /></lines>
			</method>
			<method name="(anonymous_116)"  hits="0"  signature="()V" >
				<lines><line number="1372"  hits="0" /></lines>
			</method>
			<method name="(anonymous_117)"  hits="0"  signature="()V" >
				<lines><line number="1376"  hits="0" /></lines>
			</method>
			<method name="(anonymous_118)"  hits="0"  signature="()V" >
				<lines><line number="1380"  hits="0" /></lines>
			</method>
			<method name="(anonymous_119)"  hits="0"  signature="()V" >
				<lines><line number="1384"  hits="0" /></lines>
			</method>
			<method name="(anonymous_120)"  hits="0"  signature="()V" >
				<lines><line number="1389"  hits="0" /></lines>
			</method>
			<method name="(anonymous_121)"  hits="0"  signature="()V" >
				<lines><line number="1400"  hits="0" /></lines>
			</method>
			<method name="(anonymous_122)"  hits="0"  signature="()V" >
				<lines><line number="1401"  hits="0" /></lines>
			</method>
			<method name="(anonymous_123)"  hits="0"  signature="()V" >
				<lines><line number="1418"  hits="0" /></lines>
			</method>
			<method name="(anonymous_124)"  hits="1"  signature="()V" >
				<lines><line number="1434"  hits="1" /></lines>
			</method>
			<method name="(anonymous_125)"  hits="0"  signature="()V" >
				<lines><line number="1440"  hits="0" /></lines>
			</method>
			<method name="(anonymous_126)"  hits="0"  signature="()V" >
				<lines><line number="1461"  hits="0" /></lines>
			</method>
			<method name="(anonymous_127)"  hits="0"  signature="()V" >
				<lines><line number="1465"  hits="0" /></lines>
			</method>
			<method name="(anonymous_128)"  hits="0"  signature="()V" >
				<lines><line number="1482"  hits="0" /></lines>
			</method>
			<method name="(anonymous_129)"  hits="0"  signature="()V" >
				<lines><line number="1486"  hits="0" /></lines>
			</method>
			<method name="(anonymous_130)"  hits="0"  signature="()V" >
				<lines><line number="1496"  hits="0" /></lines>
			</method>
			<method name="(anonymous_131)"  hits="0"  signature="()V" >
				<lines><line number="1500"  hits="0" /></lines>
			</method>
			<method name="(anonymous_132)"  hits="0"  signature="()V" >
				<lines><line number="1511"  hits="0" /></lines>
			</method>
			<method name="(anonymous_133)"  hits="0"  signature="()V" >
				<lines><line number="1512"  hits="0" /></lines>
			</method>
			<method name="(anonymous_134)"  hits="0"  signature="()V" >
				<lines><line number="1529"  hits="0" /></lines>
			</method>
			<method name="(anonymous_135)"  hits="1"  signature="()V" >
				<lines><line number="1545"  hits="1" /></lines>
			</method>
			<method name="ScrollSpy"  hits="0"  signature="()V" >
				<lines><line number="1551"  hits="0" /></lines>
			</method>
			<method name="(anonymous_137)"  hits="0"  signature="()V" >
				<lines><line number="1574"  hits="0" /></lines>
			</method>
			<method name="(anonymous_138)"  hits="0"  signature="()V" >
				<lines><line number="1583"  hits="0" /></lines>
			</method>
			<method name="(anonymous_139)"  hits="0"  signature="()V" >
				<lines><line number="1593"  hits="0" /></lines>
			</method>
			<method name="(anonymous_140)"  hits="0"  signature="()V" >
				<lines><line number="1594"  hits="0" /></lines>
			</method>
			<method name="(anonymous_141)"  hits="0"  signature="()V" >
				<lines><line number="1600"  hits="0" /></lines>
			</method>
			<method name="(anonymous_142)"  hits="0"  signature="()V" >
				<lines><line number="1625"  hits="0" /></lines>
			</method>
			<method name="(anonymous_143)"  hits="0"  signature="()V" >
				<lines><line number="1655"  hits="0" /></lines>
			</method>
			<method name="(anonymous_144)"  hits="0"  signature="()V" >
				<lines><line number="1656"  hits="0" /></lines>
			</method>
			<method name="(anonymous_145)"  hits="0"  signature="()V" >
				<lines><line number="1672"  hits="0" /></lines>
			</method>
			<method name="(anonymous_146)"  hits="1"  signature="()V" >
				<lines><line number="1681"  hits="1" /></lines>
			</method>
			<method name="(anonymous_147)"  hits="0"  signature="()V" >
				<lines><line number="1682"  hits="0" /></lines>
			</method>
			<method name="(anonymous_148)"  hits="1"  signature="()V" >
				<lines><line number="1699"  hits="1" /></lines>
			</method>
			<method name="(anonymous_149)"  hits="0"  signature="()V" >
				<lines><line number="1705"  hits="0" /></lines>
			</method>
			<method name="(anonymous_150)"  hits="0"  signature="()V" >
				<lines><line number="1709"  hits="0" /></lines>
			</method>
			<method name="(anonymous_151)"  hits="0"  signature="()V" >
				<lines><line number="1733"  hits="0" /></lines>
			</method>
			<method name="(anonymous_152)"  hits="0"  signature="()V" >
				<lines><line number="1741"  hits="0" /></lines>
			</method>
			<method name="next"  hits="0"  signature="()V" >
				<lines><line number="1747"  hits="0" /></lines>
			</method>
			<method name="(anonymous_154)"  hits="0"  signature="()V" >
				<lines><line number="1784"  hits="0" /></lines>
			</method>
			<method name="(anonymous_155)"  hits="0"  signature="()V" >
				<lines><line number="1785"  hits="0" /></lines>
			</method>
			<method name="(anonymous_156)"  hits="0"  signature="()V" >
				<lines><line number="1800"  hits="0" /></lines>
			</method>
			<method name="(anonymous_157)"  hits="0"  signature="()V" >
				<lines><line number="1809"  hits="0" /></lines>
			</method>
			<method name="(anonymous_158)"  hits="1"  signature="()V" >
				<lines><line number="1825"  hits="1" /></lines>
			</method>
			<method name="(anonymous_159)"  hits="0"  signature="()V" >
				<lines><line number="1831"  hits="0" /></lines>
			</method>
			<method name="(anonymous_160)"  hits="0"  signature="()V" >
				<lines><line number="1851"  hits="0" /></lines>
			</method>
			<method name="(anonymous_161)"  hits="0"  signature="()V" >
				<lines><line number="1859"  hits="0" /></lines>
			</method>
			<method name="(anonymous_162)"  hits="0"  signature="()V" >
				<lines><line number="1863"  hits="0" /></lines>
			</method>
			<method name="(anonymous_163)"  hits="0"  signature="()V" >
				<lines><line number="1912"  hits="0" /></lines>
			</method>
			<method name="(anonymous_164)"  hits="0"  signature="()V" >
				<lines><line number="1913"  hits="0" /></lines>
			</method>
			<method name="(anonymous_165)"  hits="0"  signature="()V" >
				<lines><line number="1929"  hits="0" /></lines>
			</method>
			<method name="(anonymous_166)"  hits="1"  signature="()V" >
				<lines><line number="1938"  hits="1" /></lines>
			</method>
			<method name="(anonymous_167)"  hits="0"  signature="()V" >
				<lines><line number="1939"  hits="0" /></lines>
			</method>
		</methods>
		<lines>
			<line number="8"  hits="1"  branch="true"  condition-coverage="50% (1/2)" />
			<line number="19"  hits="1"  branch="false" />
			<line number="25"  hits="1"  branch="false" />
			<line number="26"  hits="1"  branch="false" />
			<line number="28"  hits="1"  branch="false" />
			<line number="35"  hits="1"  branch="false" />
			<line number="36"  hits="1"  branch="true"  condition-coverage="50% (1/2)" />
			<line number="37"  hits="1"  branch="false" />
			<line number="41"  hits="0"  branch="false" />
			<line number="45"  hits="1"  branch="false" />
			<line number="46"  hits="0"  branch="false" />
			<line number="47"  hits="0"  branch="false" />
			<line number="48"  hits="0"  branch="true"  condition-coverage="0% (0/2)" />
			<line number="49"  hits="0"  branch="false" />
			<line number="50"  hits="0"  branch="false" />
			<line number="53"  hits="1"  branch="false" />
			<line number="54"  hits="1"  branch="false" />
			<line number="68"  hits="1"  branch="false" />
			<line number="74"  hits="1"  branch="false" />
			<line number="75"  hits="1"  branch="false" />
			<line number="76"  hits="0"  branch="false" />
			<line number="79"  hits="1"  branch="false" />
			<line number="80"  hits="0"  branch="false" />
			<line number="81"  hits="0"  branch="false" />
			<line number="83"  hits="0"  branch="true"  condition-coverage="0% (0/2)" />
			<line number="84"  hits="0"  branch="false" />
			<line number="85"  hits="0"  branch="true"  condition-coverage="0% (0/2)" />
			<line number="88"  hits="0"  branch="false" />
			<line number="90"  hits="0"  branch="true"  condition-coverage="0% (0/2)" />
			<line number="92"  hits="0"  branch="true"  condition-coverage="0% (0/2)" />
			<line number="93"  hits="0"  branch="true"  condition-coverage="0% (0/2)" />
			<line number="96"  hits="0"  branch="false" />
			<line number="98"  hits="0"  branch="true"  condition-coverage="0% (0/2)" />
			<line number="100"  hits="0"  branch="false" />
			<line number="102"  hits="1"  branch="false" />
			<line number="103"  hits="0"  branch="false" />
			<line number="106"  hits="0"  branch="true"  condition-coverage="0% (0/4)" />
			<line number="117"  hits="1"  branch="false" />
			<line number="119"  hits="1"  branch="false" />
			<line number="120"  hits="0"  branch="false" />
			<line number="121"  hits="0"  branch="false" />
			<line number="122"  hits="0"  branch="false" />
			<line number="124"  hits="0"  branch="true"  condition-coverage="0% (0/2)" />
			<line number="125"  hits="0"  branch="true"  condition-coverage="0% (0/2)" />
			<line number="129"  hits="1"  branch="false" />
			<line number="135"  hits="1"  branch="false" />
			<line number="136"  hits="0"  branch="false" />
			<line number="137"  hits="0"  branch="false" />
			<line number="144"  hits="1"  branch="false" />
			<line number="157"  hits="1"  branch="false" />
			<line number="163"  hits="1"  branch="false" />
			<line number="164"  hits="0"  branch="false" />
			<line number="165"  hits="0"  branch="false" />
			<line number="166"  hits="0"  branch="false" />
			<line number="169"  hits="1"  branch="false" />
			<line number="173"  hits="1"  branch="false" />
			<line number="174"  hits="0"  branch="false" />
			<line number="175"  hits="0"  branch="false" />
			<line number="176"  hits="0"  branch="true"  condition-coverage="0% (0/2)" />
			<line number="177"  hits="0"  branch="false" />
			<line number="179"  hits="0"  branch="false" />
			<line number="181"  hits="0"  branch="true"  condition-coverage="0% (0/2)" />
			<line number="183"  hits="0"  branch="true"  condition-coverage="0% (0/2)" />
			<line number="186"  hits="0"  branch="false" />
			<line number="187"  hits="0"  branch="true"  condition-coverage="0% (0/2)" />
			<line number="188"  hits="0"  branch="false" />
			<line number="189"  hits="0"  branch="false" />
			<line number="190"  hits="0"  branch="true"  condition-coverage="0% (0/2)" />
			<line number="191"  hits="0"  branch="false" />
			<line number="192"  hits="0"  branch="false" />
			<line number="197"  hits="1"  branch="false" />
			<line number="198"  hits="0"  branch="false" />
			<line number="199"  hits="0"  branch="false" />
			<line number="201"  hits="0"  branch="true"  condition-coverage="0% (0/2)" />
			<line number="202"  hits="0"  branch="false" />
			<line number="203"  hits="0"  branch="true"  condition-coverage="0% (0/2)" />
			<line number="204"  hits="0"  branch="true"  condition-coverage="0% (0/4)" />
			<line number="205"  hits="0"  branch="false" />
			<line number="207"  hits="0"  branch="true"  condition-coverage="0% (0/2)" />
			<line number="210"  hits="0"  branch="true"  condition-coverage="0% (0/2)" />
			<line number="217"  hits="1"  branch="false" />
			<line number="219"  hits="1"  branch="false" />
			<line number="220"  hits="0"  branch="false" />
			<line number="221"  hits="0"  branch="false" />
			<line number="222"  hits="0"  branch="false" />
			<line number="223"  hits="0"  branch="true"  condition-coverage="0% (0/2)" />
			<line number="225"  hits="0"  branch="true"  condition-coverage="0% (0/2)" />
			<line number="227"  hits="0"  branch="true"  condition-coverage="0% (0/2)" />
			<line number="228"  hits="0"  branch="true"  condition-coverage="0% (0/2)" />
			<line number="232"  hits="1"  branch="false" />
			<line number="238"  hits="1"  branch="false" />
			<line number="239"  hits="0"  branch="false" />
			<line number="240"  hits="0"  branch="false" />
			<line number="247"  hits="1"  branch="false" />
			<line number="248"  hits="0"  branch="false" />
			<line number="249"  hits="0"  branch="true"  condition-coverage="0% (0/2)" />
			<line number="250"  hits="0"  branch="false" />
			<line number="251"  hits="0"  branch="false" />
			<line number="265"  hits="1"  branch="false" />
			<line number="271"  hits="1"  branch="false" />
			<line number="272"  hits="0"  branch="false" />
			<line number="273"  hits="0"  branch="false" />
			<line number="274"  hits="0"  branch="false" />
			<line number="275"  hits="0"  branch="false" />
			<line number="281"  hits="0"  branch="true"  condition-coverage="0% (0/2)" />
			<line number="286"  hits="1"  branch="false" />
			<line number="292"  hits="1"  branch="false" />
			<line number="293"  hits="0"  branch="true"  condition-coverage="0% (0/2)" />
			<line number="295"  hits="0"  branch="true"  condition-coverage="0% (0/2)" />
			<line number="297"  hits="0"  branch="true"  condition-coverage="0% (0/3)" />
			<line number="301"  hits="0"  branch="false" />
			<line number="304"  hits="1"  branch="false" />
			<line number="305"  hits="0"  branch="false" />
			<line number="306"  hits="0"  branch="false" />
			<line number="308"  hits="0"  branch="false" />
			<line number="311"  hits="1"  branch="false" />
			<line number="312"  hits="0"  branch="false" />
			<line number="313"  hits="0"  branch="false" />
			<line number="315"  hits="0"  branch="true"  condition-coverage="0% (0/4)" />
			<line number="317"  hits="0"  branch="true"  condition-coverage="0% (0/2)" />
			<line number="318"  hits="0"  branch="true"  condition-coverage="0% (0/2)" />
			<line number="320"  hits="0"  branch="true"  condition-coverage="0% (0/2)" />
			<line number="323"  hits="1"  branch="false" />
			<line number="324"  hits="0"  branch="true"  condition-coverage="0% (0/2)" />
			<line number="326"  hits="0"  branch="true"  condition-coverage="0% (0/4)" />
			<line number="327"  hits="0"  branch="false" />
			<line number="328"  hits="0"  branch="false" />
			<line number="331"  hits="0"  branch="false" />
			<line number="333"  hits="0"  branch="false" />
			<line number="336"  hits="1"  branch="false" />
			<line number="337"  hits="0"  branch="true"  condition-coverage="0% (0/2)" />
			<line number="338"  hits="0"  branch="false" />
			<line number="341"  hits="1"  branch="false" />
			<line number="342"  hits="0"  branch="true"  condition-coverage="0% (0/2)" />
			<line number="343"  hits="0"  branch="false" />
			<line number="346"  hits="1"  branch="false" />
			<line number="347"  hits="0"  branch="false" />
			<line number="348"  hits="0"  branch="true"  condition-coverage="0% (0/2)" />
			<line number="349"  hits="0"  branch="false" />
			<line number="350"  hits="0"  branch="true"  condition-coverage="0% (0/2)" />
			<line number="351"  hits="0"  branch="true"  condition-coverage="0% (0/2)" />
			<line number="352"  hits="0"  branch="false" />
			<line number="354"  hits="0"  branch="true"  condition-coverage="0% (0/2)" />
			<line number="355"  hits="0"  branch="true"  condition-coverage="0% (0/2)" />
			<line number="356"  hits="0"  branch="false" />
			<line number="359"  hits="0"  branch="true"  condition-coverage="0% (0/2)" />
			<line number="361"  hits="0"  branch="false" />
			<line number="362"  hits="0"  branch="false" />
			<line number="363"  hits="0"  branch="true"  condition-coverage="0% (0/2)" />
			<line number="365"  hits="0"  branch="false" />
			<line number="367"  hits="0"  branch="true"  condition-coverage="0% (0/2)" />
			<line number="369"  hits="0"  branch="true"  condition-coverage="0% (0/2)" />
			<line number="370"  hits="0"  branch="false" />
			<line number="371"  hits="0"  branch="false" />
			<line number="372"  hits="0"  branch="false" />
			<line number="373"  hits="0"  branch="true"  condition-coverage="0% (0/2)" />
			<line number="377"  hits="0"  branch="true"  condition-coverage="0% (0/4)" />
			<line number="378"  hits="0"  branch="false" />
			<line number="379"  hits="0"  branch="false" />
			<line number="380"  hits="0"  branch="false" />
			<line number="381"  hits="0"  branch="false" />
			<line number="382"  hits="0"  branch="false" />
			<line number="384"  hits="0"  branch="false" />
			<line number="385"  hits="0"  branch="false" />
			<line number="386"  hits="0"  branch="false" />
			<line number="387"  hits="0"  branch="false" />
			<line number="391"  hits="0"  branch="false" />
			<line number="392"  hits="0"  branch="false" />
			<line number="393"  hits="0"  branch="false" />
			<line number="394"  hits="0"  branch="false" />
			<line number="397"  hits="0"  branch="true"  condition-coverage="0% (0/2)" />
			<line number="399"  hits="0"  branch="false" />
			<line number="406"  hits="1"  branch="false" />
			<line number="408"  hits="1"  branch="false" />
			<line number="409"  hits="0"  branch="false" />
			<line number="410"  hits="0"  branch="false" />
			<line number="411"  hits="0"  branch="false" />
			<line number="412"  hits="0"  branch="true"  condition-coverage="0% (0/2)" />
			<line number="413"  hits="0"  branch="true"  condition-coverage="0% (0/2)" />
			<line number="415"  hits="0"  branch="true"  condition-coverage="0% (0/2)" />
			<line number="416"  hits="0"  branch="true"  condition-coverage="0% (0/2)" />
			<line number="417"  hits="0"  branch="true"  condition-coverage="0% (0/2)" />
			<line number="418"  hits="0"  branch="true"  condition-coverage="0% (0/2)" />
			<line number="422"  hits="1"  branch="false" />
			<line number="428"  hits="1"  branch="false" />
			<line number="429"  hits="0"  branch="false" />
			<line number="430"  hits="0"  branch="false" />
			<line number="437"  hits="1"  branch="false" />
			<line number="438"  hits="0"  branch="false" />
			<line number="439"  hits="0"  branch="true"  condition-coverage="0% (0/3)" />
			<line number="440"  hits="0"  branch="false" />
			<line number="441"  hits="0"  branch="false" />
			<line number="442"  hits="0"  branch="true"  condition-coverage="0% (0/2)" />
			<line number="444"  hits="0"  branch="false" />
			<line number="446"  hits="0"  branch="true"  condition-coverage="0% (0/2)" />
			<line number="447"  hits="0"  branch="false" />
			<line number="450"  hits="0"  branch="false" />
			<line number="453"  hits="1"  branch="false" />
			<line number="454"  hits="1"  branch="false" />
			<line number="455"  hits="0"  branch="false" />
			<line number="456"  hits="0"  branch="false" />
			<line number="471"  hits="1"  branch="false" />
			<line number="477"  hits="1"  branch="false" />
			<line number="478"  hits="0"  branch="false" />
			<line number="479"  hits="0"  branch="false" />
			<line number="480"  hits="0"  branch="false" />
			<line number="482"  hits="0"  branch="true"  condition-coverage="0% (0/2)" />
			<line number="483"  hits="0"  branch="true"  condition-coverage="0% (0/2)" />
			<line number="486"  hits="1"  branch="false" />
			<line number="490"  hits="1"  branch="false" />
			<line number="491"  hits="0"  branch="false" />
			<line number="492"  hits="0"  branch="true"  condition-coverage="0% (0/2)" />
			<line number="495"  hits="1"  branch="false" />
			<line number="496"  hits="0"  branch="true"  condition-coverage="0% (0/4)" />
			<line number="498"  hits="0"  branch="false" />
			<line number="499"  hits="0"  branch="false" />
			<line number="500"  hits="0"  branch="true"  condition-coverage="0% (0/2)" />
			<line number="502"  hits="0"  branch="true"  condition-coverage="0% (0/2)" />
			<line number="504"  hits="0"  branch="true"  condition-coverage="0% (0/4)" />
			<line number="505"  hits="0"  branch="false" />
			<line number="506"  hits="0"  branch="true"  condition-coverage="0% (0/4)" />
			<line number="507"  hits="0"  branch="false" />
			<line number="508"  hits="0"  branch="true"  condition-coverage="0% (0/2)" />
			<line number="511"  hits="0"  branch="false" />
			<line number="513"  hits="0"  branch="false" />
			<line number="518"  hits="0"  branch="false" />
			<line number="520"  hits="0"  branch="false" />
			<line number="521"  hits="0"  branch="false" />
			<line number="525"  hits="0"  branch="false" />
			<line number="526"  hits="0"  branch="false" />
			<line number="529"  hits="0"  branch="true"  condition-coverage="0% (0/2)" />
			<line number="531"  hits="0"  branch="false" />
			<line number="533"  hits="0"  branch="false" />
			<line number="539"  hits="1"  branch="false" />
			<line number="540"  hits="0"  branch="true"  condition-coverage="0% (0/4)" />
			<line number="542"  hits="0"  branch="false" />
			<line number="543"  hits="0"  branch="false" />
			<line number="544"  hits="0"  branch="true"  condition-coverage="0% (0/2)" />
			<line number="546"  hits="0"  branch="false" />
			<line number="548"  hits="0"  branch="false" />
			<line number="552"  hits="0"  branch="false" />
			<line number="557"  hits="0"  branch="false" />
			<line number="559"  hits="0"  branch="false" />
			<line number="560"  hits="0"  branch="false" />
			<line number="561"  hits="0"  branch="false" />
			<line number="567"  hits="0"  branch="true"  condition-coverage="0% (0/2)" />
			<line number="569"  hits="0"  branch="false" />
			<line number="575"  hits="1"  branch="false" />
			<line number="576"  hits="0"  branch="true"  condition-coverage="0% (0/2)" />
			<line number="583"  hits="1"  branch="false" />
			<line number="585"  hits="1"  branch="false" />
			<line number="586"  hits="0"  branch="false" />
			<line number="587"  hits="0"  branch="false" />
			<line number="588"  hits="0"  branch="false" />
			<line number="589"  hits="0"  branch="true"  condition-coverage="0% (0/2)" />
			<line number="591"  hits="0"  branch="true"  condition-coverage="0% (0/5)" />
			<line number="592"  hits="0"  branch="true"  condition-coverage="0% (0/2)" />
			<line number="593"  hits="0"  branch="true"  condition-coverage="0% (0/2)" />
			<line number="597"  hits="1"  branch="false" />
			<line number="603"  hits="1"  branch="false" />
			<line number="604"  hits="0"  branch="false" />
			<line number="605"  hits="0"  branch="false" />
			<line number="612"  hits="1"  branch="false" />
			<line number="613"  hits="0"  branch="false" />
			<line number="614"  hits="0"  branch="true"  condition-coverage="0% (0/4)" />
			<line number="617"  hits="0"  branch="false" />
			<line number="618"  hits="0"  branch="false" />
			<line number="619"  hits="0"  branch="true"  condition-coverage="0% (0/2)" />
			<line number="620"  hits="0"  branch="false" />
			<line number="621"  hits="0"  branch="true"  condition-coverage="0% (0/2)" />
			<line number="623"  hits="0"  branch="true"  condition-coverage="0% (0/4)" />
			<line number="624"  hits="0"  branch="true"  condition-coverage="0% (0/2)" />
			<line number="625"  hits="0"  branch="true"  condition-coverage="0% (0/2)" />
			<line number="628"  hits="0"  branch="false" />
			<line number="642"  hits="1"  branch="false" />
			<line number="648"  hits="1"  branch="false" />
			<line number="649"  hits="1"  branch="false" />
			<line number="650"  hits="1"  branch="false" />
			<line number="651"  hits="0"  branch="false" />
			<line number="654"  hits="1"  branch="false" />
			<line number="655"  hits="0"  branch="false" />
			<line number="657"  hits="0"  branch="true"  condition-coverage="0% (0/2)" />
			<line number="659"  hits="0"  branch="false" />
			<line number="660"  hits="0"  branch="false" />
			<line number="662"  hits="0"  branch="false" />
			<line number="664"  hits="0"  branch="true"  condition-coverage="0% (0/2)" />
			<line number="665"  hits="0"  branch="true"  condition-coverage="0% (0/4)" />
			<line number="667"  hits="0"  branch="false" />
			<line number="670"  hits="0"  branch="false" />
			<line number="671"  hits="0"  branch="false" />
			<line number="673"  hits="0"  branch="true"  condition-coverage="0% (0/2)" />
			<line number="675"  hits="0"  branch="false" />
			<line number="679"  hits="0"  branch="false" />
			<line number="682"  hits="0"  branch="false" />
			<line number="685"  hits="1"  branch="false" />
			<line number="686"  hits="0"  branch="true"  condition-coverage="0% (0/2)" />
			<line number="688"  hits="0"  branch="false" />
			<line number="690"  hits="0"  branch="false" />
			<line number="691"  hits="0"  branch="false" />
			<line number="693"  hits="0"  branch="true"  condition-coverage="0% (0/2)" />
			<line number="695"  hits="0"  branch="false" />
			<line number="696"  hits="0"  branch="false" />
			<line number="698"  hits="0"  branch="true"  condition-coverage="0% (0/5)" />
			<line number="699"  hits="0"  branch="true"  condition-coverage="0% (0/2)" />
			<line number="700"  hits="0"  branch="false" />
			<line number="703"  hits="0"  branch="false" />
			<line number="704"  hits="0"  branch="false" />
			<line number="706"  hits="0"  branch="true"  condition-coverage="0% (0/2)" />
			<line number="708"  hits="0"  branch="false" />
			<line number="710"  hits="0"  branch="true"  condition-coverage="0% (0/4)" />
			<line number="711"  hits="0"  branch="true"  condition-coverage="0% (0/4)" />
			<line number="712"  hits="0"  branch="true"  condition-coverage="0% (0/2)" />
			<line number="714"  hits="0"  branch="false" />
			<line number="717"  hits="1"  branch="false" />
			<line number="718"  hits="0"  branch="false" />
			<line number="719"  hits="0"  branch="false" />
			<line number="720"  hits="0"  branch="false" />
			<line number="721"  hits="0"  branch="false" />
			<line number="722"  hits="0"  branch="true"  condition-coverage="0% (0/2)" />
			<line number="723"  hits="0"  branch="false" />
			<line number="724"  hits="0"  branch="true"  condition-coverage="0% (0/2)" />
			<line number="725"  hits="0"  branch="false" />
			<line number="729"  hits="1"  branch="false" />
			<line number="730"  hits="0"  branch="false" />
			<line number="732"  hits="0"  branch="true"  condition-coverage="0% (0/2)" />
			<line number="733"  hits="0"  branch="false" />
			<line number="734"  hits="0"  branch="true"  condition-coverage="0% (0/3)" />
			<line number="737"  hits="0"  branch="true"  condition-coverage="0% (0/2)" />
			<line number="739"  hits="0"  branch="true"  condition-coverage="0% (0/4)" />
			<line number="746"  hits="1"  branch="false" />
			<line number="748"  hits="1"  branch="false" />
			<line number="749"  hits="0"  branch="false" />
			<line number="750"  hits="0"  branch="false" />
			<line number="751"  hits="0"  branch="false" />
			<line number="753"  hits="0"  branch="true"  condition-coverage="0% (0/2)" />
			<line number="754"  hits="0"  branch="true"  condition-coverage="0% (0/2)" />
			<line number="758"  hits="1"  branch="false" />
			<line number="764"  hits="1"  branch="false" />
			<line number="765"  hits="0"  branch="false" />
			<line number="766"  hits="0"  branch="false" />
			<line number="773"  hits="1"  branch="false" />
			<line number="775"  hits="0"  branch="false" />
			<line number="790"  hits="1"  branch="false" />
			<line number="796"  hits="1"  branch="false" />
			<line number="797"  hits="0"  branch="false" />
			<line number="798"  hits="0"  branch="false" />
			<line number="799"  hits="0"  branch="false" />
			<line number="802"  hits="0"  branch="true"  condition-coverage="0% (0/2)" />
			<line number="803"  hits="0"  branch="false" />
			<line number="806"  hits="0"  branch="false" />
			<line number="811"  hits="1"  branch="false" />
			<line number="817"  hits="1"  branch="false" />
			<line number="818"  hits="0"  branch="true"  condition-coverage="0% (0/2)" />
			<line number="821"  hits="1"  branch="false" />
			<line number="822"  hits="0"  branch="false" />
			<line number="823"  hits="0"  branch="false" />
			<line number="825"  hits="0"  branch="false" />
			<line number="827"  hits="0"  branch="true"  condition-coverage="0% (0/4)" />
			<line number="829"  hits="0"  branch="false" />
			<line number="831"  hits="0"  branch="false" />
			<line number="833"  hits="0"  branch="false" />
			<line number="835"  hits="0"  branch="false" />
			<line number="836"  hits="0"  branch="true"  condition-coverage="0% (0/2)" />
			<line number="838"  hits="0"  branch="true"  condition-coverage="0% (0/2)" />
			<line number="839"  hits="0"  branch="false" />
			<line number="842"  hits="0"  branch="false" />
			<line number="846"  hits="0"  branch="true"  condition-coverage="0% (0/2)" />
			<line number="847"  hits="0"  branch="false" />
			<line number="850"  hits="0"  branch="false" />
			<line number="854"  hits="0"  branch="false" />
			<line number="856"  hits="0"  branch="false" />
			<line number="858"  hits="0"  branch="true"  condition-coverage="0% (0/2)" />
			<line number="861"  hits="0"  branch="false" />
			<line number="868"  hits="1"  branch="false" />
			<line number="869"  hits="0"  branch="true"  condition-coverage="0% (0/2)" />
			<line number="871"  hits="0"  branch="false" />
			<line number="873"  hits="0"  branch="false" />
			<line number="875"  hits="0"  branch="true"  condition-coverage="0% (0/4)" />
			<line number="877"  hits="0"  branch="false" />
			<line number="879"  hits="0"  branch="false" />
			<line number="881"  hits="0"  branch="false" />
			<line number="883"  hits="0"  branch="false" />
			<line number="888"  hits="0"  branch="true"  condition-coverage="0% (0/4)" />
			<line number="895"  hits="1"  branch="false" />
			<line number="896"  hits="0"  branch="false" />
			<line number="899"  hits="0"  branch="true"  condition-coverage="0% (0/4)" />
			<line number="900"  hits="0"  branch="false" />
			<line number="905"  hits="1"  branch="false" />
			<line number="906"  hits="0"  branch="true"  condition-coverage="0% (0/4)" />
			<line number="907"  hits="0"  branch="false" />
			<line number="908"  hits="0"  branch="true"  condition-coverage="0% (0/2)" />
			<line number="910"  hits="0"  branch="true"  condition-coverage="0% (0/2)" />
			<line number="911"  hits="0"  branch="false" />
			<line number="915"  hits="1"  branch="false" />
			<line number="916"  hits="0"  branch="false" />
			<line number="917"  hits="0"  branch="false" />
			<line number="918"  hits="0"  branch="false" />
			<line number="919"  hits="0"  branch="false" />
			<line number="920"  hits="0"  branch="false" />
			<line number="924"  hits="1"  branch="false" />
			<line number="925"  hits="0"  branch="true"  condition-coverage="0% (0/2)" />
			<line number="926"  hits="0"  branch="false" />
			<line number="929"  hits="1"  branch="false" />
			<line number="930"  hits="0"  branch="true"  condition-coverage="0% (0/2)" />
			<line number="932"  hits="0"  branch="true"  condition-coverage="0% (0/4)" />
			<line number="933"  hits="0"  branch="true"  condition-coverage="0% (0/2)" />
			<line number="935"  hits="0"  branch="false" />
			<line number="938"  hits="0"  branch="false" />
			<line number="939"  hits="0"  branch="true"  condition-coverage="0% (0/2)" />
			<line number="940"  hits="0"  branch="true"  condition-coverage="0% (0/2)" />
			<line number="945"  hits="0"  branch="true"  condition-coverage="0% (0/2)" />
			<line number="947"  hits="0"  branch="false" />
			<line number="949"  hits="0"  branch="true"  condition-coverage="0% (0/2)" />
			<line number="951"  hits="0"  branch="true"  condition-coverage="0% (0/2)" />
			<line number="957"  hits="0"  branch="true"  condition-coverage="0% (0/4)" />
			<line number="958"  hits="0"  branch="false" />
			<line number="960"  hits="0"  branch="true"  condition-coverage="0% (0/4)" />
			<line number="966"  hits="0"  branch="true"  condition-coverage="0% (0/2)" />
			<line number="967"  hits="0"  branch="false" />
			<line number="975"  hits="1"  branch="false" />
			<line number="977"  hits="1"  branch="false" />
			<line number="978"  hits="0"  branch="false" />
			<line number="979"  hits="0"  branch="false" />
			<line number="980"  hits="0"  branch="false" />
			<line number="981"  hits="0"  branch="true"  condition-coverage="0% (0/2)" />
			<line number="983"  hits="0"  branch="true"  condition-coverage="0% (0/2)" />
			<line number="984"  hits="0"  branch="true"  condition-coverage="0% (0/2)" />
			<line number="985"  hits="0"  branch="true"  condition-coverage="0% (0/2)" />
			<line number="989"  hits="1"  branch="false" />
			<line number="995"  hits="1"  branch="false" />
			<line number="996"  hits="0"  branch="false" />
			<line number="997"  hits="0"  branch="false" />
			<line number="1004"  hits="1"  branch="false" />
			<line number="1005"  hits="0"  branch="false" />
			<line number="1006"  hits="0"  branch="false" />
			<line number="1007"  hits="0"  branch="true"  condition-coverage="0% (0/3)" />
			<line number="1008"  hits="0"  branch="true"  condition-coverage="0% (0/4)" />
			<line number="1010"  hits="0"  branch="true"  condition-coverage="0% (0/2)" />
			<line number="1012"  hits="0"  branch="false" />
			<line number="1015"  hits="0"  branch="true"  condition-coverage="0% (0/2)" />
			<line number="1019"  hits="1"  branch="false" />
			<line number="1020"  hits="0"  branch="false" />
			<line number="1021"  hits="0"  branch="false" />
			<line number="1035"  hits="1"  branch="false" />
			<line number="1041"  hits="1"  branch="false" />
			<line number="1042"  hits="0"  branch="false" />
			<line number="1049"  hits="0"  branch="false" />
			<line number="1052"  hits="1"  branch="false" />
			<line number="1064"  hits="1"  branch="false" />
			<line number="1065"  hits="0"  branch="false" />
			<line number="1066"  hits="0"  branch="false" />
			<line number="1067"  hits="0"  branch="false" />
			<line number="1068"  hits="0"  branch="false" />
			<line number="1070"  hits="0"  branch="false" />
			<line number="1072"  hits="0"  branch="false" />
			<line number="1073"  hits="0"  branch="false" />
			<line number="1075"  hits="0"  branch="true"  condition-coverage="0% (0/2)" />
			<line number="1076"  hits="0"  branch="false" />
			<line number="1077"  hits="0"  branch="true"  condition-coverage="0% (0/2)" />
			<line number="1078"  hits="0"  branch="true"  condition-coverage="0% (0/2)" />
			<line number="1079"  hits="0"  branch="true"  condition-coverage="0% (0/2)" />
			<line number="1081"  hits="0"  branch="false" />
			<line number="1082"  hits="0"  branch="false" />
			<line number="1086"  hits="0"  branch="true"  condition-coverage="0% (0/2)" />
			<line number="1091"  hits="1"  branch="false" />
			<line number="1092"  hits="0"  branch="false" />
			<line number="1095"  hits="1"  branch="false" />
			<line number="1096"  hits="0"  branch="false" />
			<line number="1098"  hits="0"  branch="true"  condition-coverage="0% (0/4)" />
[...]
				<lines><line number="7"  hits="0" /></lines>
			</method>
			<method name="(anonymous_102)"  hits="0"  signature="()V" >
				<lines><line number="7"  hits="0" /></lines>
			</method>
			<method name="(anonymous_103)"  hits="0"  signature="()V" >
				<lines><line number="7"  hits="0" /></lines>
			</method>
			<method name="(anonymous_104)"  hits="0"  signature="()V" >
				<lines><line number="7"  hits="0" /></lines>
			</method>
			<method name="(anonymous_105)"  hits="0"  signature="()V" >
				<lines><line number="7"  hits="0" /></lines>
			</method>
			<method name="(anonymous_106)"  hits="0"  signature="()V" >
				<lines><line number="7"  hits="0" /></lines>
			</method>
			<method name="b"  hits="0"  signature="()V" >
				<lines><line number="7"  hits="0" /></lines>
			</method>
			<method name="(anonymous_108)"  hits="0"  signature="()V" >
				<lines><line number="7"  hits="0" /></lines>
			</method>
			<method name="(anonymous_109)"  hits="0"  signature="()V" >
				<lines><line number="7"  hits="0" /></lines>
			</method>
			<method name="(anonymous_110)"  hits="0"  signature="()V" >
				<lines><line number="7"  hits="0" /></lines>
			</method>
			<method name="(anonymous_111)"  hits="0"  signature="()V" >
				<lines><line number="7"  hits="0" /></lines>
			</method>
			<method name="(anonymous_112)"  hits="0"  signature="()V" >
				<lines><line number="7"  hits="0" /></lines>
			</method>
			<method name="(anonymous_113)"  hits="0"  signature="()V" >
				<lines><line number="7"  hits="0" /></lines>
			</method>
			<method name="(anonymous_114)"  hits="0"  signature="()V" >
				<lines><line number="7"  hits="0" /></lines>
			</method>
			<method name="(anonymous_115)"  hits="0"  signature="()V" >
				<lines><line number="7"  hits="0" /></lines>
			</method>
			<method name="(anonymous_116)"  hits="0"  signature="()V" >
				<lines><line number="7"  hits="0" /></lines>
			</method>
			<method name="(anonymous_117)"  hits="0"  signature="()V" >
				<lines><line number="7"  hits="0" /></lines>
			</method>
			<method name="(anonymous_118)"  hits="0"  signature="()V" >
				<lines><line number="7"  hits="0" /></lines>
			</method>
			<method name="(anonymous_119)"  hits="0"  signature="()V" >
				<lines><line number="7"  hits="0" /></lines>
			</method>
			<method name="(anonymous_120)"  hits="0"  signature="()V" >
				<lines><line number="7"  hits="0" /></lines>
			</method>
			<method name="(anonymous_121)"  hits="0"  signature="()V" >
				<lines><line number="7"  hits="0" /></lines>
			</method>
			<method name="(anonymous_122)"  hits="0"  signature="()V" >
				<lines><line number="7"  hits="0" /></lines>
			</method>
			<method name="(anonymous_123)"  hits="0"  signature="()V" >
				<lines><line number="7"  hits="0" /></lines>
			</method>
			<method name="(anonymous_124)"  hits="1"  signature="()V" >
				<lines><line number="7"  hits="1" /></lines>
			</method>
			<method name="(anonymous_125)"  hits="0"  signature="()V" >
				<lines><line number="7"  hits="0" /></lines>
			</method>
			<method name="(anonymous_126)"  hits="0"  signature="()V" >
				<lines><line number="7"  hits="0" /></lines>
			</method>
			<method name="(anonymous_127)"  hits="0"  signature="()V" >
				<lines><line number="7"  hits="0" /></lines>
			</method>
			<method name="(anonymous_128)"  hits="0"  signature="()V" >
				<lines><line number="7"  hits="0" /></lines>
			</method>
			<method name="(anonymous_129)"  hits="0"  signature="()V" >
				<lines><line number="7"  hits="0" /></lines>
			</method>
			<method name="(anonymous_130)"  hits="0"  signature="()V" >
				<lines><line number="7"  hits="0" /></lines>
			</method>
			<method name="(anonymous_131)"  hits="0"  signature="()V" >
				<lines><line number="7"  hits="0" /></lines>
			</method>
			<method name="(anonymous_132)"  hits="0"  signature="()V" >
				<lines><line number="7"  hits="0" /></lines>
			</method>
			<method name="(anonymous_133)"  hits="0"  signature="()V" >
				<lines><line number="7"  hits="0" /></lines>
			</method>
			<method name="(anonymous_134)"  hits="0"  signature="()V" >
				<lines><line number="7"  hits="0" /></lines>
			</method>
			<method name="(anonymous_135)"  hits="1"  signature="()V" >
				<lines><line number="7"  hits="1" /></lines>
			</method>
			<method name="b"  hits="0"  signature="()V" >
				<lines><line number="7"  hits="0" /></lines>
			</method>
			<method name="(anonymous_137)"  hits="0"  signature="()V" >
				<lines><line number="7"  hits="0" /></lines>
			</method>
			<method name="(anonymous_138)"  hits="0"  signature="()V" >
				<lines><line number="7"  hits="0" /></lines>
			</method>
			<method name="(anonymous_139)"  hits="0"  signature="()V" >
				<lines><line number="7"  hits="0" /></lines>
			</method>
			<method name="(anonymous_140)"  hits="0"  signature="()V" >
				<lines><line number="7"  hits="0" /></lines>
			</method>
			<method name="(anonymous_141)"  hits="0"  signature="()V" >
				<lines><line number="7"  hits="0" /></lines>
			</method>
			<method name="(anonymous_142)"  hits="0"  signature="()V" >
				<lines><line number="7"  hits="0" /></lines>
			</method>
			<method name="(anonymous_143)"  hits="0"  signature="()V" >
				<lines><line number="7"  hits="0" /></lines>
			</method>
			<method name="(anonymous_144)"  hits="0"  signature="()V" >
				<lines><line number="7"  hits="0" /></lines>
			</method>
			<method name="(anonymous_145)"  hits="0"  signature="()V" >
				<lines><line number="7"  hits="0" /></lines>
			</method>
			<method name="(anonymous_146)"  hits="1"  signature="()V" >
				<lines><line number="7"  hits="1" /></lines>
			</method>
			<method name="(anonymous_147)"  hits="0"  signature="()V" >
				<lines><line number="7"  hits="0" /></lines>
			</method>
			<method name="(anonymous_148)"  hits="1"  signature="()V" >
				<lines><line number="7"  hits="1" /></lines>
			</method>
			<method name="(anonymous_149)"  hits="0"  signature="()V" >
				<lines><line number="7"  hits="0" /></lines>
			</method>
			<method name="(anonymous_150)"  hits="0"  signature="()V" >
				<lines><line number="7"  hits="0" /></lines>
			</method>
			<method name="(anonymous_151)"  hits="0"  signature="()V" >
				<lines><line number="7"  hits="0" /></lines>
			</method>
			<method name="(anonymous_152)"  hits="0"  signature="()V" >
				<lines><line number="7"  hits="0" /></lines>
			</method>
			<method name="e"  hits="0"  signature="()V" >
				<lines><line number="7"  hits="0" /></lines>
			</method>
			<method name="(anonymous_154)"  hits="0"  signature="()V" >
				<lines><line number="7"  hits="0" /></lines>
			</method>
			<method name="(anonymous_155)"  hits="0"  signature="()V" >
				<lines><line number="7"  hits="0" /></lines>
			</method>
			<method name="(anonymous_156)"  hits="0"  signature="()V" >
				<lines><line number="7"  hits="0" /></lines>
			</method>
			<method name="(anonymous_157)"  hits="0"  signature="()V" >
				<lines><line number="7"  hits="0" /></lines>
			</method>
			<method name="(anonymous_158)"  hits="1"  signature="()V" >
				<lines><line number="7"  hits="1" /></lines>
			</method>
			<method name="(anonymous_159)"  hits="0"  signature="()V" >
				<lines><line number="7"  hits="0" /></lines>
			</method>
			<method name="(anonymous_160)"  hits="0"  signature="()V" >
				<lines><line number="7"  hits="0" /></lines>
			</method>
			<method name="(anonymous_161)"  hits="0"  signature="()V" >
				<lines><line number="7"  hits="0" /></lines>
			</method>
			<method name="(anonymous_162)"  hits="0"  signature="()V" >
				<lines><line number="7"  hits="0" /></lines>
			</method>
			<method name="(anonymous_163)"  hits="0"  signature="()V" >
				<lines><line number="7"  hits="0" /></lines>
			</method>
			<method name="(anonymous_164)"  hits="0"  signature="()V" >
				<lines><line number="7"  hits="0" /></lines>
			</method>
			<method name="(anonymous_165)"  hits="0"  signature="()V" >
				<lines><line number="7"  hits="0" /></lines>
			</method>
			<method name="(anonymous_166)"  hits="1"  signature="()V" >
				<lines><line number="7"  hits="1" /></lines>
			</method>
			<method name="(anonymous_167)"  hits="0"  signature="()V" >
				<lines><line number="7"  hits="0" /></lines>
			</method>
		</methods>
		<lines>
			<line number="7"  hits="1"  branch="true"  condition-coverage="0.49261083743842365% (3/609)" />
		</lines>
		</class>
		<class name="calculator.coffee"  filename="app/assets/javascripts/calculator.coffee"  line-rate="1"  branch-rate="1" >
		<methods>
			<method name="(anonymous_1)"  hits="1"  signature="()V" >
				<lines><line number="1"  hits="1" /></lines>
			</method>
			<method name="(anonymous_2)"  hits="1"  signature="()V" >
				<lines><line number="2"  hits="1" /></lines>
			</method>
			<method name="Calculator"  hits="1"  signature="()V" >
				<lines><line number="3"  hits="1" /></lines>
			</method>
			<method name="(anonymous_4)"  hits="1"  signature="()V" >
				<lines><line number="5"  hits="1" /></lines>
			</method>
		</methods>
		<lines>
			<line number="1"  hits="1"  branch="false" />
			<line number="2"  hits="1"  branch="false" />
			<line number="3"  hits="1"  branch="false" />
			<line number="5"  hits="1"  branch="false" />
			<line number="6"  hits="1"  branch="false" />
			<line number="9"  hits="1"  branch="false" />
		</lines>
		</class>
		<class name="main.js"  filename="app/assets/javascripts/main.js"  line-rate="0.2432"  branch-rate="0" >
		<methods>
			<method name="(anonymous_1)"  hits="1"  signature="()V" >
				<lines><line number="1"  hits="1" /></lines>
			</method>
			<method name="(anonymous_2)"  hits="0"  signature="()V" >
				<lines><line number="2"  hits="0" /></lines>
			</method>
			<method name="(anonymous_3)"  hits="0"  signature="()V" >
				<lines><line number="4"  hits="0" /></lines>
			</method>
			<method name="(anonymous_4)"  hits="0"  signature="()V" >
				<lines><line number="15"  hits="0" /></lines>
			</method>
			<method name="(anonymous_5)"  hits="0"  signature="()V" >
				<lines><line number="18"  hits="0" /></lines>
			</method>
			<method name="(anonymous_6)"  hits="0"  signature="()V" >
				<lines><line number="22"  hits="0" /></lines>
			</method>
			<method name="(anonymous_7)"  hits="0"  signature="()V" >
				<lines><line number="25"  hits="0" /></lines>
			</method>
			<method name="(anonymous_8)"  hits="1"  signature="()V" >
				<lines><line number="31"  hits="1" /></lines>
			</method>
			<method name="sidebar"  hits="0"  signature="()V" >
				<lines><line number="35"  hits="0" /></lines>
			</method>
			<method name="(anonymous_10)"  hits="0"  signature="()V" >
				<lines><line number="51"  hits="0" /></lines>
			</method>
		</methods>
		<lines>
			<line number="1"  hits="1"  branch="false" />
			<line number="2"  hits="1"  branch="false" />
			<line number="3"  hits="0"  branch="false" />
			<line number="5"  hits="0"  branch="false" />
			<line number="15"  hits="1"  branch="false" />
			<line number="16"  hits="0"  branch="false" />
			<line number="17"  hits="0"  branch="false" />
			<line number="19"  hits="0"  branch="false" />
			<line number="20"  hits="0"  branch="false" />
			<line number="22"  hits="1"  branch="false" />
			<line number="23"  hits="0"  branch="false" />
			<line number="24"  hits="0"  branch="false" />
			<line number="26"  hits="0"  branch="false" />
			<line number="27"  hits="0"  branch="false" />
			<line number="31"  hits="1"  branch="false" />
			<line number="32"  hits="1"  branch="false" />
			<line number="33"  hits="1"  branch="false" />
			<line number="35"  hits="1"  branch="false" />
			<line number="36"  hits="0"  branch="false" />
			<line number="37"  hits="0"  branch="true"  condition-coverage="0% (0/2)" />
			<line number="38"  hits="0"  branch="false" />
			<line number="39"  hits="0"  branch="false" />
			<line number="40"  hits="0"  branch="false" />
			<line number="41"  hits="0"  branch="false" />
			<line number="42"  hits="0"  branch="true"  condition-coverage="0% (0/2)" />
			<line number="43"  hits="0"  branch="false" />
			<line number="44"  hits="0"  branch="false" />
			<line number="45"  hits="0"  branch="false" />
			<line number="47"  hits="0"  branch="false" />
			<line number="51"  hits="1"  branch="false" />
			<line number="52"  hits="0"  branch="true"  condition-coverage="0% (0/2)" />
			<line number="53"  hits="0"  branch="false" />
			<line number="54"  hits="0"  branch="false" />
			<line number="55"  hits="0"  branch="false" />
			<line number="57"  hits="0"  branch="false" />
			<line number="58"  hits="0"  branch="false" />
			<line number="59"  hits="0"  branch="false" />
		</lines>
		</class>
		<class name="map.js"  filename="app/assets/javascripts/map.js"  line-rate="0.0645"  branch-rate="0" >
		<methods>
			<method name="initialize"  hits="0"  signature="()V" >
				<lines><line number="2"  hits="0" /></lines>
			</method>
			<method name="(anonymous_2)"  hits="0"  signature="()V" >
				<lines><line number="26"  hits="0" /></lines>
			</method>
		</methods>
		<lines>
			<line number="1"  hits="1"  branch="false" />
			<line number="2"  hits="1"  branch="false" />
			<line number="3"  hits="0"  branch="false" />
			<line number="8"  hits="0"  branch="false" />
			<line number="11"  hits="0"  branch="false" />
			<line number="13"  hits="0"  branch="false" />
			<line number="14"  hits="0"  branch="false" />
			<line number="16"  hits="0"  branch="false" />
			<line number="18"  hits="0"  branch="false" />
			<line number="20"  hits="0"  branch="false" />
			<line number="21"  hits="0"  branch="false" />
			<line number="26"  hits="0"  branch="false" />
			<line number="27"  hits="0"  branch="false" />
			<line number="28"  hits="0"  branch="false" />
			<line number="29"  hits="0"  branch="false" />
			<line number="30"  hits="0"  branch="true"  condition-coverage="0% (0/2)" />
			<line number="31"  hits="0"  branch="false" />
			<line number="35"  hits="0"  branch="true"  condition-coverage="0% (0/2)" />
			<line number="36"  hits="0"  branch="false" />
			<line number="38"  hits="0"  branch="false" />
			<line number="39"  hits="0"  branch="false" />
			<line number="40"  hits="0"  branch="false" />
			<line number="42"  hits="0"  branch="false" />
			<line number="49"  hits="0"  branch="false" />
			<line number="50"  hits="0"  branch="false" />
			<line number="52"  hits="0"  branch="false" />
			<line number="53"  hits="0"  branch="true"  condition-coverage="0% (0/2)" />
			<line number="54"  hits="0"  branch="false" />
			<line number="61"  hits="0"  branch="false" />
			<line number="62"  hits="0"  branch="false" />
			<line number="66"  hits="0"  branch="false" />
		</lines>
		</class>
		<class name="routedirection.js"  filename="app/assets/javascripts/routedirection.js"  line-rate="0.2787"  branch-rate="0" >
		<methods>
			<method name="(anonymous_1)"  hits="1"  signature="()V" >
				<lines><line number="6"  hits="1" /></lines>
			</method>
			<method name="(anonymous_2)"  hits="0"  signature="()V" >
				<lines><line number="8"  hits="0" /></lines>
			</method>
			<method name="(anonymous_3)"  hits="0"  signature="()V" >
				<lines><line number="28"  hits="0" /></lines>
			</method>
			<method name="(anonymous_4)"  hits="0"  signature="()V" >
				<lines><line number="31"  hits="0" /></lines>
			</method>
			<method name="initializeRouteDirection"  hits="0"  signature="()V" >
				<lines><line number="42"  hits="0" /></lines>
			</method>
			<method name="calcRoute"  hits="0"  signature="()V" >
				<lines><line number="60"  hits="0" /></lines>
			</method>
			<method name="(anonymous_7)"  hits="0"  signature="()V" >
				<lines><line number="81"  hits="0" /></lines>
			</method>
			<method name="showSteps"  hits="0"  signature="()V" >
				<lines><line number="91"  hits="0" /></lines>
			</method>
			<method name="attachInstructionText"  hits="0"  signature="()V" >
				<lines><line number="108"  hits="0" /></lines>
			</method>
			<method name="(anonymous_10)"  hits="0"  signature="()V" >
				<lines><line number="109"  hits="0" /></lines>
			</method>
		</methods>
		<lines>
			<line number="1"  hits="1"  branch="false" />
			<line number="2"  hits="1"  branch="false" />
			<line number="3"  hits="1"  branch="false" />
			<line number="4"  hits="1"  branch="false" />
			<line number="5"  hits="1"  branch="false" />
			<line number="6"  hits="1"  branch="false" />
			<line number="8"  hits="1"  branch="false" />
			<line number="9"  hits="0"  branch="false" />
			<line number="10"  hits="0"  branch="false" />
			<line number="11"  hits="0"  branch="false" />
			<line number="12"  hits="0"  branch="true"  condition-coverage="0% (0/2)" />
			<line number="13"  hits="0"  branch="false" />
			<line number="15"  hits="0"  branch="true"  condition-coverage="0% (0/2)" />
			<line number="16"  hits="0"  branch="false" />
			<line number="18"  hits="0"  branch="true"  condition-coverage="0% (0/2)" />
			<line number="19"  hits="0"  branch="false" />
			<line number="21"  hits="0"  branch="true"  condition-coverage="0% (0/2)" />
			<line number="22"  hits="0"  branch="false" />
			<line number="24"  hits="0"  branch="false" />
			<line number="25"  hits="0"  branch="false" />
			<line number="26"  hits="0"  branch="false" />
			<line number="28"  hits="1"  branch="false" />
			<line number="29"  hits="0"  branch="false" />
			<line number="31"  hits="1"  branch="false" />
			<line number="32"  hits="0"  branch="false" />
			<line number="37"  hits="1"  branch="false" />
			<line number="38"  hits="1"  branch="false" />
			<line number="39"  hits="1"  branch="false" />
			<line number="40"  hits="1"  branch="false" />
			<line number="42"  hits="1"  branch="false" />
			<line number="43"  hits="0"  branch="false" />
			<line number="44"  hits="0"  branch="false" />
			<line number="45"  hits="0"  branch="false" />
			<line number="46"  hits="0"  branch="false" />
			<line number="48"  hits="0"  branch="false" />
			<line number="51"  hits="0"  branch="false" />
			<line number="54"  hits="0"  branch="false" />
			<line number="57"  hits="0"  branch="false" />
			<line number="60"  hits="1"  branch="false" />
			<line number="63"  hits="0"  branch="false" />
			<line number="64"  hits="0"  branch="false" />
			<line number="68"  hits="0"  branch="false" />
			<line number="71"  hits="0"  branch="false" />
			<line number="72"  hits="0"  branch="false" />
			<line number="73"  hits="0"  branch="false" />
			<line number="81"  hits="0"  branch="false" />
			<line number="82"  hits="0"  branch="true"  condition-coverage="0% (0/2)" />
			<line number="83"  hits="0"  branch="false" />
			<line number="84"  hits="0"  branch="false" />
			<line number="85"  hits="0"  branch="false" />
			<line number="86"  hits="0"  branch="false" />
			<line number="91"  hits="1"  branch="false" />
			<line number="96"  hits="0"  branch="false" />
			<line number="98"  hits="0"  branch="false" />
			<line number="99"  hits="0"  branch="false" />
			<line number="103"  hits="0"  branch="false" />
			<line number="104"  hits="0"  branch="false" />
			<line number="108"  hits="1"  branch="false" />
			<line number="109"  hits="0"  branch="false" />
			<line number="112"  hits="0"  branch="false" />
			<line number="113"  hits="0"  branch="false" />
		</lines>
		</class>
		<class name="sildebar.js"  filename="app/assets/javascripts/sildebar.js"  line-rate="1"  branch-rate="1" >
		<methods>
		</methods>
		<lines>
		</lines>
		</class>
		<class name="welcome.js.coffee"  filename="app/assets/javascripts/welcome.js.coffee"  line-rate="1"  branch-rate="1" >
		<methods>
			<method name="(anonymous_1)"  hits="1"  signature="()V" >
				<lines><line number="1"  hits="1" /></lines>
			</method>
		</methods>
		<lines>
			<line number="1"  hits="1"  branch="false" />
		</lines>
		</class>
	</classes>
	</package>
</packages>
</coverage>
