{
  "RSpec": {
    "coverage": {
      "/media/zatcsc/PIGLET/CSC/2ndYead/1stSemester/SE/group5.k57ca/app/models/user.rb": [
        1,
        3,
        1,
        1,
        1,
        1,
        1,
        null
      ],
      "/media/zatcsc/PIGLET/CSC/2ndYead/1stSemester/SE/group5.k57ca/app/controllers/users_controller.rb": [
        1,
        1,
        null,
        1,
        2,
        null,
        null
      ],
      "/media/zatcsc/PIGLET/CSC/2ndYead/1stSemester/SE/group5.k57ca/app/controllers/application_controller.rb": [
        1,
        null,
        null,
        1,
        null
      ]
    },
    "timestamp": 1399018038
  }
}
