{
  "RSpec": {
    "coverage": {
      "/media/zatcsc/PIGLET/CSC/2ndYead/1stSemester/SE/group5.k57ca/app/models/coordinates.rb": [
        1,
        1,
        1,
        1,
        null
      ],
      "/media/zatcsc/PIGLET/CSC/2ndYead/1stSemester/SE/group5.k57ca/app/models/province.rb": [
        1,
        1,
        1,
        1,
        null
      ],
      "/media/zatcsc/PIGLET/CSC/2ndYead/1stSemester/SE/group5.k57ca/app/models/user.rb": [
        1,
        14,
        1,
        1,
        1,
        1,
        1,
        1,
        1,
        13,
        null,
        1,
        45,
        null,
        1,
        1,
        10,
        null,
        null
      ],
      "/media/zatcsc/PIGLET/CSC/2ndYead/1stSemester/SE/group5.k57ca/app/models/weather.rb": [
        1,
        1,
        1,
        1,
        1,
        1,
        1,
        null
      ],
      "/media/zatcsc/PIGLET/CSC/2ndYead/1stSemester/SE/group5.k57ca/app/controllers/users_controller.rb": [
        1,
        1,
        4,
        null,
        1,
        2,
        2,
        1,
        null,
        1,
        null,
        null,
        null,
        1,
        3,
        null,
        1,
        1,
        2,
        null,
        null
      ],
      "/media/zatcsc/PIGLET/CSC/2ndYead/1stSemester/SE/group5.k57ca/app/controllers/application_controller.rb": [
        1,
        null,
        null,
        1,
        1,
        null
      ],
      "/media/zatcsc/PIGLET/CSC/2ndYead/1stSemester/SE/group5.k57ca/app/controllers/sessions_controller.rb": [
        1,
        1,
        null,
        1,
        6,
        6,
        3,
        3,
        null,
        3,
        3,
        null,
        null,
        1,
        0,
        0,
        null,
        null
      ],
      "/media/zatcsc/PIGLET/CSC/2ndYead/1stSemester/SE/group5.k57ca/app/controllers/welcome_controller.rb": [
        1,
        1,
        1,
        null,
        1,
        2,
        null,
        1,
        0,
        null,
        null,
        1,
        4,
        3,
        null,
        1,
        null,
        null,
        1,
        0,
        0,
        0,
        0,
        null,
        0,
        0,
        null,
        null,
        null
      ]
    },
    "timestamp": 1399594934
  }
}
